[05-Sep-2024 20:57:00 Europe/Moscow] PHP Warning:  session_start(): Session cannot be started after headers have already been sent in /home/sla8ikk/Рабочий стол/sites/chat/chat-messanger/index.php on line 16
[05-Sep-2024 20:57:00 Europe/Moscow] PHP Fatal error:  Uncaught Error: Call to undefined function get_user() in /home/sla8ikk/Рабочий стол/sites/chat/chat-messanger/header.php:1
Stack trace:
#0 /home/sla8ikk/Рабочий стол/sites/chat/chat-messanger/index.php(17): include()
#1 {main}
  thrown in /home/sla8ikk/Рабочий стол/sites/chat/chat-messanger/header.php on line 1
[05-Sep-2024 20:57:05 Europe/Moscow] PHP Warning:  session_start(): Session cannot be started after headers have already been sent in /home/sla8ikk/Рабочий стол/sites/chat/chat-messanger/index.php on line 16
[05-Sep-2024 20:57:05 Europe/Moscow] PHP Fatal error:  Uncaught Error: Call to undefined function get_user() in /home/sla8ikk/Рабочий стол/sites/chat/chat-messanger/header.php:1
Stack trace:
#0 /home/sla8ikk/Рабочий стол/sites/chat/chat-messanger/index.php(17): include()
#1 {main}
  thrown in /home/sla8ikk/Рабочий стол/sites/chat/chat-messanger/header.php on line 1
[05-Sep-2024 20:57:21 Europe/Moscow] PHP Warning:  session_start(): Session cannot be started after headers have already been sent in /home/sla8ikk/Рабочий стол/sites/chat/chat-messanger/index.php on line 16
[05-Sep-2024 20:57:21 Europe/Moscow] PHP Fatal error:  Uncaught Error: Call to undefined function get_user() in /home/sla8ikk/Рабочий стол/sites/chat/chat-messanger/header.php:1
Stack trace:
#0 /home/sla8ikk/Рабочий стол/sites/chat/chat-messanger/index.php(17): include()
#1 {main}
  thrown in /home/sla8ikk/Рабочий стол/sites/chat/chat-messanger/header.php on line 1
[05-Sep-2024 21:00:04 Europe/Moscow] PHP Warning:  session_start(): Session cannot be started after headers have already been sent in /home/sla8ikk/Рабочий стол/sites/chat/chat-messanger/index.php on line 16
[05-Sep-2024 21:00:04 Europe/Moscow] PHP Fatal error:  Uncaught Error: Call to undefined function get_user() in /home/sla8ikk/Рабочий стол/sites/chat/chat-messanger/header.php:1
Stack trace:
#0 /home/sla8ikk/Рабочий стол/sites/chat/chat-messanger/index.php(17): include()
#1 {main}
  thrown in /home/sla8ikk/Рабочий стол/sites/chat/chat-messanger/header.php on line 1
[05-Sep-2024 21:00:44 Europe/Moscow] PHP Warning:  session_start(): Session cannot be started after headers have already been sent in /home/sla8ikk/Рабочий стол/sites/chat/chat-messanger/index.php on line 16
[05-Sep-2024 21:00:44 Europe/Moscow] PHP Fatal error:  Uncaught Error: Call to undefined function get_user() in /home/sla8ikk/Рабочий стол/sites/chat/chat-messanger/header.php:1
Stack trace:
#0 /home/sla8ikk/Рабочий стол/sites/chat/chat-messanger/index.php(17): include()
#1 {main}
  thrown in /home/sla8ikk/Рабочий стол/sites/chat/chat-messanger/header.php on line 1
[05-Sep-2024 21:00:50 Europe/Moscow] PHP Warning:  session_start(): Session cannot be started after headers have already been sent in /home/sla8ikk/Рабочий стол/sites/chat/chat-messanger/index.php on line 16
[05-Sep-2024 21:00:50 Europe/Moscow] PHP Fatal error:  Uncaught Error: Call to undefined function get_user() in /home/sla8ikk/Рабочий стол/sites/chat/chat-messanger/header.php:1
Stack trace:
#0 /home/sla8ikk/Рабочий стол/sites/chat/chat-messanger/index.php(17): include()
#1 {main}
  thrown in /home/sla8ikk/Рабочий стол/sites/chat/chat-messanger/header.php on line 1
[05-Sep-2024 21:01:08 Europe/Moscow] PHP Warning:  session_start(): Session cannot be started after headers have already been sent in /home/sla8ikk/Рабочий стол/sites/chat/chat-messanger/index.php on line 16
[05-Sep-2024 21:01:08 Europe/Moscow] PHP Fatal error:  Uncaught Error: Call to undefined function get_user() in /home/sla8ikk/Рабочий стол/sites/chat/chat-messanger/header.php:1
Stack trace:
#0 /home/sla8ikk/Рабочий стол/sites/chat/chat-messanger/index.php(17): include()
#1 {main}
  thrown in /home/sla8ikk/Рабочий стол/sites/chat/chat-messanger/header.php on line 1
[05-Sep-2024 21:11:32 Europe/Moscow] PHP Warning:  session_start(): Session cannot be started after headers have already been sent in /home/sla8ikk/Рабочий стол/sites/chat/chat-messanger/index.php on line 17
[05-Sep-2024 21:11:32 Europe/Moscow] PHP Warning:  Undefined global variable $_SESSION in /home/sla8ikk/Рабочий стол/sites/chat/chat-messanger/header.php on line 1
[05-Sep-2024 21:11:32 Europe/Moscow] PHP Warning:  Trying to access array offset on value of type null in /home/sla8ikk/Рабочий стол/sites/chat/chat-messanger/header.php on line 1
[05-Sep-2024 21:11:32 Europe/Moscow] PHP Fatal error:  Uncaught PDOException: SQLSTATE[42S22]: Column not found: 1054 Unknown column 'id' in 'where clause' in /home/sla8ikk/Рабочий стол/sites/chat/chat-messanger/pdo.php:92
Stack trace:
#0 /home/sla8ikk/Рабочий стол/sites/chat/chat-messanger/pdo.php(92): PDOStatement->execute()
#1 /home/sla8ikk/Рабочий стол/sites/chat/chat-messanger/header.php(1): get_user()
#2 /home/sla8ikk/Рабочий стол/sites/chat/chat-messanger/index.php(18): include('...')
#3 {main}
  thrown in /home/sla8ikk/Рабочий стол/sites/chat/chat-messanger/pdo.php on line 92
[05-Sep-2024 21:12:19 Europe/Moscow] PHP Warning:  session_start(): Session cannot be started after headers have already been sent in /home/sla8ikk/Рабочий стол/sites/chat/chat-messanger/index.php on line 17
[05-Sep-2024 21:12:19 Europe/Moscow] PHP Warning:  Undefined global variable $_SESSION in /home/sla8ikk/Рабочий стол/sites/chat/chat-messanger/header.php on line 1
[05-Sep-2024 21:12:19 Europe/Moscow] PHP Warning:  Trying to access array offset on value of type null in /home/sla8ikk/Рабочий стол/sites/chat/chat-messanger/header.php on line 1
[05-Sep-2024 21:12:19 Europe/Moscow] PHP Fatal error:  Uncaught PDOException: SQLSTATE[42S22]: Column not found: 1054 Unknown column 'id' in 'where clause' in /home/sla8ikk/Рабочий стол/sites/chat/chat-messanger/pdo.php:92
Stack trace:
#0 /home/sla8ikk/Рабочий стол/sites/chat/chat-messanger/pdo.php(92): PDOStatement->execute()
#1 /home/sla8ikk/Рабочий стол/sites/chat/chat-messanger/header.php(1): get_user()
#2 /home/sla8ikk/Рабочий стол/sites/chat/chat-messanger/index.php(18): include('...')
#3 {main}
  thrown in /home/sla8ikk/Рабочий стол/sites/chat/chat-messanger/pdo.php on line 92
[05-Sep-2024 21:12:25 Europe/Moscow] PHP Warning:  session_start(): Session cannot be started after headers have already been sent in /home/sla8ikk/Рабочий стол/sites/chat/chat-messanger/index.php on line 17
[05-Sep-2024 21:12:25 Europe/Moscow] PHP Warning:  Undefined global variable $_SESSION in /home/sla8ikk/Рабочий стол/sites/chat/chat-messanger/header.php on line 1
[05-Sep-2024 21:12:25 Europe/Moscow] PHP Warning:  Trying to access array offset on value of type null in /home/sla8ikk/Рабочий стол/sites/chat/chat-messanger/header.php on line 1
[05-Sep-2024 21:12:25 Europe/Moscow] PHP Fatal error:  Uncaught PDOException: SQLSTATE[42S22]: Column not found: 1054 Unknown column 'id' in 'where clause' in /home/sla8ikk/Рабочий стол/sites/chat/chat-messanger/pdo.php:92
Stack trace:
#0 /home/sla8ikk/Рабочий стол/sites/chat/chat-messanger/pdo.php(92): PDOStatement->execute()
#1 /home/sla8ikk/Рабочий стол/sites/chat/chat-messanger/header.php(1): get_user()
#2 /home/sla8ikk/Рабочий стол/sites/chat/chat-messanger/index.php(18): include('...')
#3 {main}
  thrown in /home/sla8ikk/Рабочий стол/sites/chat/chat-messanger/pdo.php on line 92
[05-Sep-2024 21:12:55 Europe/Moscow] PHP Warning:  session_start(): Session cannot be started after headers have already been sent in /home/sla8ikk/Рабочий стол/sites/chat/chat-messanger/index.php on line 17
[05-Sep-2024 21:12:55 Europe/Moscow] PHP Warning:  Undefined global variable $_SESSION in /home/sla8ikk/Рабочий стол/sites/chat/chat-messanger/header.php on line 1
[05-Sep-2024 21:12:55 Europe/Moscow] PHP Warning:  Trying to access array offset on value of type null in /home/sla8ikk/Рабочий стол/sites/chat/chat-messanger/header.php on line 1
[05-Sep-2024 21:12:55 Europe/Moscow] PHP Fatal error:  Uncaught PDOException: SQLSTATE[42S22]: Column not found: 1054 Unknown column 'id' in 'where clause' in /home/sla8ikk/Рабочий стол/sites/chat/chat-messanger/pdo.php:92
Stack trace:
#0 /home/sla8ikk/Рабочий стол/sites/chat/chat-messanger/pdo.php(92): PDOStatement->execute()
#1 /home/sla8ikk/Рабочий стол/sites/chat/chat-messanger/header.php(1): get_user()
#2 /home/sla8ikk/Рабочий стол/sites/chat/chat-messanger/index.php(18): include('...')
#3 {main}
  thrown in /home/sla8ikk/Рабочий стол/sites/chat/chat-messanger/pdo.php on line 92
[10-Sep-2024 20:18:41 Europe/Moscow] PHP Fatal error:  Uncaught Error: Call to undefined function get_user() in /home/sla8ikk/Рабочий стол/sites/chat/chat-messanger/header.php:2
Stack trace:
#0 /home/sla8ikk/Рабочий стол/sites/chat/chat-messanger/register.php(13): include()
#1 {main}
  thrown in /home/sla8ikk/Рабочий стол/sites/chat/chat-messanger/header.php on line 2
[10-Sep-2024 20:18:44 Europe/Moscow] PHP Fatal error:  Uncaught Error: Call to undefined function get_user() in /home/sla8ikk/Рабочий стол/sites/chat/chat-messanger/header.php:2
Stack trace:
#0 /home/sla8ikk/Рабочий стол/sites/chat/chat-messanger/register.php(13): include()
#1 {main}
  thrown in /home/sla8ikk/Рабочий стол/sites/chat/chat-messanger/header.php on line 2
[10-Sep-2024 20:20:04 Europe/Moscow] PHP Fatal error:  Uncaught Error: Call to undefined function get_user() in /home/sla8ikk/Рабочий стол/sites/chat/chat-messanger/header.php:2
Stack trace:
#0 /home/sla8ikk/Рабочий стол/sites/chat/chat-messanger/index.php(18): include()
#1 {main}
  thrown in /home/sla8ikk/Рабочий стол/sites/chat/chat-messanger/header.php on line 2
[10-Sep-2024 20:20:04 Europe/Moscow] PHP Fatal error:  Uncaught Error: Call to undefined function get_user() in /home/sla8ikk/Рабочий стол/sites/chat/chat-messanger/header.php:2
Stack trace:
#0 /home/sla8ikk/Рабочий стол/sites/chat/chat-messanger/index.php(18): include()
#1 {main}
  thrown in /home/sla8ikk/Рабочий стол/sites/chat/chat-messanger/header.php on line 2
[10-Sep-2024 20:20:08 Europe/Moscow] PHP Fatal error:  Uncaught Error: Call to undefined function get_user() in /home/sla8ikk/Рабочий стол/sites/chat/chat-messanger/header.php:2
Stack trace:
#0 /home/sla8ikk/Рабочий стол/sites/chat/chat-messanger/index.php(18): include()
#1 {main}
  thrown in /home/sla8ikk/Рабочий стол/sites/chat/chat-messanger/header.php on line 2
[10-Sep-2024 20:20:58 Europe/Moscow] PHP Fatal error:  Uncaught Error: Call to undefined function get_user() in /home/sla8ikk/Рабочий стол/sites/chat/chat-messanger/header.php:2
Stack trace:
#0 /home/sla8ikk/Рабочий стол/sites/chat/chat-messanger/index.php(18): include()
#1 {main}
  thrown in /home/sla8ikk/Рабочий стол/sites/chat/chat-messanger/header.php on line 2
[10-Sep-2024 20:22:49 Europe/Moscow] PHP Fatal error:  Uncaught Error: Call to undefined function get_user() in /home/sla8ikk/Рабочий стол/sites/chat/chat-messanger/header.php:2
Stack trace:
#0 /home/sla8ikk/Рабочий стол/sites/chat/chat-messanger/index.php(18): include()
#1 {main}
  thrown in /home/sla8ikk/Рабочий стол/sites/chat/chat-messanger/header.php on line 2
[10-Sep-2024 20:23:12 Europe/Moscow] PHP Fatal error:  Uncaught Error: Call to undefined function get_user() in /home/sla8ikk/Рабочий стол/sites/chat/chat-messanger/header.php:2
Stack trace:
#0 /home/sla8ikk/Рабочий стол/sites/chat/chat-messanger/index.php(18): include()
#1 {main}
  thrown in /home/sla8ikk/Рабочий стол/sites/chat/chat-messanger/header.php on line 2
[10-Sep-2024 20:25:48 Europe/Moscow] PHP Fatal error:  Uncaught Error: Call to undefined function get_user() in /home/sla8ikk/Рабочий стол/sites/chat/chat-messanger/header.php:2
Stack trace:
#0 /home/sla8ikk/Рабочий стол/sites/chat/chat-messanger/index.php(19): include()
#1 {main}
  thrown in /home/sla8ikk/Рабочий стол/sites/chat/chat-messanger/header.php on line 2
[10-Sep-2024 20:25:49 Europe/Moscow] PHP Fatal error:  Uncaught Error: Call to undefined function get_user() in /home/sla8ikk/Рабочий стол/sites/chat/chat-messanger/header.php:2
Stack trace:
#0 /home/sla8ikk/Рабочий стол/sites/chat/chat-messanger/index.php(19): include()
#1 {main}
  thrown in /home/sla8ikk/Рабочий стол/sites/chat/chat-messanger/header.php on line 2
[10-Sep-2024 20:26:16 Europe/Moscow] PHP Fatal error:  Uncaught Error: Call to undefined function get_user() in /home/sla8ikk/Рабочий стол/sites/chat/chat-messanger/header.php:2
Stack trace:
#0 /home/sla8ikk/Рабочий стол/sites/chat/chat-messanger/index.php(19): include()
#1 {main}
  thrown in /home/sla8ikk/Рабочий стол/sites/chat/chat-messanger/header.php on line 2
[10-Sep-2024 20:26:16 Europe/Moscow] PHP Fatal error:  Uncaught Error: Call to undefined function get_user() in /home/sla8ikk/Рабочий стол/sites/chat/chat-messanger/header.php:2
Stack trace:
#0 /home/sla8ikk/Рабочий стол/sites/chat/chat-messanger/index.php(19): include()
#1 {main}
  thrown in /home/sla8ikk/Рабочий стол/sites/chat/chat-messanger/header.php on line 2
[10-Sep-2024 20:26:38 Europe/Moscow] PHP Fatal error:  Uncaught Error: Call to undefined function get_user() in /home/sla8ikk/Рабочий стол/sites/chat/chat-messanger/header.php:2
Stack trace:
#0 /home/sla8ikk/Рабочий стол/sites/chat/chat-messanger/index.php(19): include()
#1 {main}
  thrown in /home/sla8ikk/Рабочий стол/sites/chat/chat-messanger/header.php on line 2
[10-Sep-2024 20:27:32 Europe/Moscow] PHP Warning:  session_start(): Session cannot be started after headers have already been sent in /home/sla8ikk/Рабочий стол/sites/chat/chat-messanger/index.php on line 3
[10-Sep-2024 20:27:32 Europe/Moscow] PHP Warning:  Undefined global variable $_SESSION in /home/sla8ikk/Рабочий стол/sites/chat/chat-messanger/header.php on line 2
[10-Sep-2024 20:27:32 Europe/Moscow] PHP Warning:  Trying to access array offset on value of type null in /home/sla8ikk/Рабочий стол/sites/chat/chat-messanger/header.php on line 2
[10-Sep-2024 20:27:32 Europe/Moscow] PHP Fatal error:  Uncaught PDOException: SQLSTATE[42S22]: Column not found: 1054 Unknown column 'id' in 'where clause' in /home/sla8ikk/Рабочий стол/sites/chat/chat-messanger/pdo.php:92
Stack trace:
#0 /home/sla8ikk/Рабочий стол/sites/chat/chat-messanger/pdo.php(92): PDOStatement->execute()
#1 /home/sla8ikk/Рабочий стол/sites/chat/chat-messanger/header.php(2): get_user()
#2 /home/sla8ikk/Рабочий стол/sites/chat/chat-messanger/index.php(19): include('...')
#3 {main}
  thrown in /home/sla8ikk/Рабочий стол/sites/chat/chat-messanger/pdo.php on line 92
[10-Sep-2024 20:29:40 Europe/Moscow] PHP Warning:  Undefined array key "LastName" in /home/sla8ikk/Рабочий стол/sites/chat/chat-messanger/admin.php on line 57
[10-Sep-2024 20:29:40 Europe/Moscow] PHP Warning:  Undefined array key "LastName" in /home/sla8ikk/Рабочий стол/sites/chat/chat-messanger/admin.php on line 57
[10-Sep-2024 20:29:40 Europe/Moscow] PHP Warning:  Undefined array key "LastName" in /home/sla8ikk/Рабочий стол/sites/chat/chat-messanger/admin.php on line 57
[10-Sep-2024 20:29:40 Europe/Moscow] PHP Warning:  Undefined array key "LastName" in /home/sla8ikk/Рабочий стол/sites/chat/chat-messanger/admin.php on line 57
[10-Sep-2024 20:29:40 Europe/Moscow] PHP Warning:  Undefined array key "LastName" in /home/sla8ikk/Рабочий стол/sites/chat/chat-messanger/admin.php on line 57
[10-Sep-2024 20:29:40 Europe/Moscow] PHP Warning:  Undefined array key "LastName" in /home/sla8ikk/Рабочий стол/sites/chat/chat-messanger/admin.php on line 57
[10-Sep-2024 20:29:40 Europe/Moscow] PHP Warning:  Undefined array key "LastName" in /home/sla8ikk/Рабочий стол/sites/chat/chat-messanger/admin.php on line 57
[10-Sep-2024 20:29:40 Europe/Moscow] PHP Warning:  Undefined array key "LastName" in /home/sla8ikk/Рабочий стол/sites/chat/chat-messanger/admin.php on line 57
[10-Sep-2024 20:29:40 Europe/Moscow] PHP Warning:  Undefined array key "LastName" in /home/sla8ikk/Рабочий стол/sites/chat/chat-messanger/admin.php on line 57
[10-Sep-2024 20:29:40 Europe/Moscow] PHP Warning:  Undefined array key "LastName" in /home/sla8ikk/Рабочий стол/sites/chat/chat-messanger/admin.php on line 57
[10-Sep-2024 20:29:40 Europe/Moscow] PHP Warning:  Undefined array key "LastName" in /home/sla8ikk/Рабочий стол/sites/chat/chat-messanger/admin.php on line 57
[10-Sep-2024 20:29:40 Europe/Moscow] PHP Warning:  Undefined array key "LastName" in /home/sla8ikk/Рабочий стол/sites/chat/chat-messanger/admin.php on line 57
[10-Sep-2024 20:29:40 Europe/Moscow] PHP Warning:  Undefined array key "LastName" in /home/sla8ikk/Рабочий стол/sites/chat/chat-messanger/admin.php on line 57
[10-Sep-2024 20:29:40 Europe/Moscow] PHP Warning:  Undefined array key "LastName" in /home/sla8ikk/Рабочий стол/sites/chat/chat-messanger/admin.php on line 57
[10-Sep-2024 20:29:40 Europe/Moscow] PHP Warning:  Undefined array key "LastName" in /home/sla8ikk/Рабочий стол/sites/chat/chat-messanger/admin.php on line 57
[10-Sep-2024 20:29:40 Europe/Moscow] PHP Warning:  Undefined array key "LastName" in /home/sla8ikk/Рабочий стол/sites/chat/chat-messanger/admin.php on line 57
[10-Sep-2024 20:29:40 Europe/Moscow] PHP Warning:  Undefined array key "LastName" in /home/sla8ikk/Рабочий стол/sites/chat/chat-messanger/admin.php on line 57
[10-Sep-2024 20:29:40 Europe/Moscow] PHP Warning:  Undefined array key "LastName" in /home/sla8ikk/Рабочий стол/sites/chat/chat-messanger/admin.php on line 57
[10-Sep-2024 20:29:40 Europe/Moscow] PHP Warning:  Undefined array key "LastName" in /home/sla8ikk/Рабочий стол/sites/chat/chat-messanger/admin.php on line 57
[10-Sep-2024 20:29:40 Europe/Moscow] PHP Warning:  Undefined array key "LastName" in /home/sla8ikk/Рабочий стол/sites/chat/chat-messanger/admin.php on line 57
[10-Sep-2024 20:29:40 Europe/Moscow] PHP Warning:  Undefined array key "LastName" in /home/sla8ikk/Рабочий стол/sites/chat/chat-messanger/admin.php on line 57
[10-Sep-2024 20:29:40 Europe/Moscow] PHP Warning:  Undefined array key "LastName" in /home/sla8ikk/Рабочий стол/sites/chat/chat-messanger/admin.php on line 57
[10-Sep-2024 20:29:40 Europe/Moscow] PHP Warning:  Undefined array key "LastName" in /home/sla8ikk/Рабочий стол/sites/chat/chat-messanger/admin.php on line 57
[10-Sep-2024 20:29:40 Europe/Moscow] PHP Warning:  Undefined array key "LastName" in /home/sla8ikk/Рабочий стол/sites/chat/chat-messanger/admin.php on line 57
[10-Sep-2024 20:29:40 Europe/Moscow] PHP Warning:  Undefined array key "LastName" in /home/sla8ikk/Рабочий стол/sites/chat/chat-messanger/admin.php on line 57
[10-Sep-2024 20:29:40 Europe/Moscow] PHP Warning:  Undefined array key "LastName" in /home/sla8ikk/Рабочий стол/sites/chat/chat-messanger/admin.php on line 57
[10-Sep-2024 20:29:40 Europe/Moscow] PHP Warning:  Undefined array key "LastName" in /home/sla8ikk/Рабочий стол/sites/chat/chat-messanger/admin.php on line 57
[10-Sep-2024 20:29:40 Europe/Moscow] PHP Warning:  Undefined array key "LastName" in /home/sla8ikk/Рабочий стол/sites/chat/chat-messanger/admin.php on line 57
[10-Sep-2024 20:29:40 Europe/Moscow] PHP Warning:  Undefined array key "LastName" in /home/sla8ikk/Рабочий стол/sites/chat/chat-messanger/admin.php on line 57
[10-Sep-2024 20:29:40 Europe/Moscow] PHP Warning:  Undefined array key "LastName" in /home/sla8ikk/Рабочий стол/sites/chat/chat-messanger/admin.php on line 57
[10-Sep-2024 20:29:40 Europe/Moscow] PHP Warning:  Undefined array key "LastName" in /home/sla8ikk/Рабочий стол/sites/chat/chat-messanger/admin.php on line 57
[10-Sep-2024 20:29:40 Europe/Moscow] PHP Warning:  Undefined array key "LastName" in /home/sla8ikk/Рабочий стол/sites/chat/chat-messanger/admin.php on line 57
[10-Sep-2024 20:29:40 Europe/Moscow] PHP Warning:  Undefined array key "LastName" in /home/sla8ikk/Рабочий стол/sites/chat/chat-messanger/admin.php on line 57
[10-Sep-2024 20:29:40 Europe/Moscow] PHP Warning:  Undefined array key "LastName" in /home/sla8ikk/Рабочий стол/sites/chat/chat-messanger/admin.php on line 57
[10-Sep-2024 20:29:40 Europe/Moscow] PHP Warning:  Undefined array key "LastName" in /home/sla8ikk/Рабочий стол/sites/chat/chat-messanger/admin.php on line 57
[10-Sep-2024 20:29:40 Europe/Moscow] PHP Warning:  Undefined array key "LastName" in /home/sla8ikk/Рабочий стол/sites/chat/chat-messanger/admin.php on line 57
[10-Sep-2024 20:29:40 Europe/Moscow] PHP Warning:  Undefined array key "LastName" in /home/sla8ikk/Рабочий стол/sites/chat/chat-messanger/admin.php on line 57
[10-Sep-2024 20:29:40 Europe/Moscow] PHP Warning:  Undefined array key "LastName" in /home/sla8ikk/Рабочий стол/sites/chat/chat-messanger/admin.php on line 57
[10-Sep-2024 20:29:40 Europe/Moscow] PHP Warning:  Undefined array key "LastName" in /home/sla8ikk/Рабочий стол/sites/chat/chat-messanger/admin.php on line 57
[10-Sep-2024 20:29:40 Europe/Moscow] PHP Warning:  Undefined array key "LastName" in /home/sla8ikk/Рабочий стол/sites/chat/chat-messanger/admin.php on line 57
[10-Sep-2024 20:29:40 Europe/Moscow] PHP Warning:  Undefined array key "LastName" in /home/sla8ikk/Рабочий стол/sites/chat/chat-messanger/admin.php on line 57
[10-Sep-2024 20:29:40 Europe/Moscow] PHP Warning:  Undefined array key "LastName" in /home/sla8ikk/Рабочий стол/sites/chat/chat-messanger/admin.php on line 57
[10-Sep-2024 20:29:40 Europe/Moscow] PHP Warning:  Undefined array key "LastName" in /home/sla8ikk/Рабочий стол/sites/chat/chat-messanger/admin.php on line 57
[10-Sep-2024 20:29:40 Europe/Moscow] PHP Warning:  Undefined array key "LastName" in /home/sla8ikk/Рабочий стол/sites/chat/chat-messanger/admin.php on line 57
[10-Sep-2024 20:29:40 Europe/Moscow] PHP Warning:  Undefined array key "LastName" in /home/sla8ikk/Рабочий стол/sites/chat/chat-messanger/admin.php on line 57
[10-Sep-2024 20:29:40 Europe/Moscow] PHP Warning:  Undefined array key "LastName" in /home/sla8ikk/Рабочий стол/sites/chat/chat-messanger/admin.php on line 57
[10-Sep-2024 20:29:40 Europe/Moscow] PHP Warning:  Undefined array key "LastName" in /home/sla8ikk/Рабочий стол/sites/chat/chat-messanger/admin.php on line 57
[10-Sep-2024 20:29:40 Europe/Moscow] PHP Warning:  Undefined array key "LastName" in /home/sla8ikk/Рабочий стол/sites/chat/chat-messanger/admin.php on line 57
[10-Sep-2024 20:29:40 Europe/Moscow] PHP Fatal error:  Cannot redeclare get_chat() (previously declared in /home/sla8ikk/Рабочий стол/sites/chat/chat-messanger/pdo.php:31) in /home/sla8ikk/Рабочий стол/sites/chat/chat-messanger/pdo.php on line 31
[10-Sep-2024 20:29:58 Europe/Moscow] PHP Warning:  Undefined array key "LastName" in /home/sla8ikk/Рабочий стол/sites/chat/chat-messanger/admin.php on line 56
[10-Sep-2024 20:29:58 Europe/Moscow] PHP Warning:  Undefined array key "LastName" in /home/sla8ikk/Рабочий стол/sites/chat/chat-messanger/admin.php on line 56
[10-Sep-2024 20:29:58 Europe/Moscow] PHP Warning:  Undefined array key "LastName" in /home/sla8ikk/Рабочий стол/sites/chat/chat-messanger/admin.php on line 56
[10-Sep-2024 20:29:58 Europe/Moscow] PHP Warning:  Undefined array key "LastName" in /home/sla8ikk/Рабочий стол/sites/chat/chat-messanger/admin.php on line 56
[10-Sep-2024 20:29:58 Europe/Moscow] PHP Warning:  Undefined array key "LastName" in /home/sla8ikk/Рабочий стол/sites/chat/chat-messanger/admin.php on line 56
[10-Sep-2024 20:29:58 Europe/Moscow] PHP Warning:  Undefined array key "LastName" in /home/sla8ikk/Рабочий стол/sites/chat/chat-messanger/admin.php on line 56
[10-Sep-2024 20:29:58 Europe/Moscow] PHP Warning:  Undefined array key "LastName" in /home/sla8ikk/Рабочий стол/sites/chat/chat-messanger/admin.php on line 56
[10-Sep-2024 20:29:58 Europe/Moscow] PHP Warning:  Undefined array key "LastName" in /home/sla8ikk/Рабочий стол/sites/chat/chat-messanger/admin.php on line 56
[10-Sep-2024 20:29:58 Europe/Moscow] PHP Warning:  Undefined array key "LastName" in /home/sla8ikk/Рабочий стол/sites/chat/chat-messanger/admin.php on line 56
[10-Sep-2024 20:29:58 Europe/Moscow] PHP Warning:  Undefined array key "LastName" in /home/sla8ikk/Рабочий стол/sites/chat/chat-messanger/admin.php on line 56
[10-Sep-2024 20:29:58 Europe/Moscow] PHP Warning:  Undefined array key "LastName" in /home/sla8ikk/Рабочий стол/sites/chat/chat-messanger/admin.php on line 56
[10-Sep-2024 20:29:58 Europe/Moscow] PHP Warning:  Undefined array key "LastName" in /home/sla8ikk/Рабочий стол/sites/chat/chat-messanger/admin.php on line 56
[10-Sep-2024 20:29:58 Europe/Moscow] PHP Warning:  Undefined array key "LastName" in /home/sla8ikk/Рабочий стол/sites/chat/chat-messanger/admin.php on line 56
[10-Sep-2024 20:29:58 Europe/Moscow] PHP Warning:  Undefined array key "LastName" in /home/sla8ikk/Рабочий стол/sites/chat/chat-messanger/admin.php on line 56
[10-Sep-2024 20:29:58 Europe/Moscow] PHP Warning:  Undefined array key "LastName" in /home/sla8ikk/Рабочий стол/sites/chat/chat-messanger/admin.php on line 56
[10-Sep-2024 20:29:58 Europe/Moscow] PHP Warning:  Undefined array key "LastName" in /home/sla8ikk/Рабочий стол/sites/chat/chat-messanger/admin.php on line 56
[10-Sep-2024 20:29:58 Europe/Moscow] PHP Warning:  Undefined array key "LastName" in /home/sla8ikk/Рабочий стол/sites/chat/chat-messanger/admin.php on line 56
[10-Sep-2024 20:29:58 Europe/Moscow] PHP Warning:  Undefined array key "LastName" in /home/sla8ikk/Рабочий стол/sites/chat/chat-messanger/admin.php on line 56
[10-Sep-2024 20:29:58 Europe/Moscow] PHP Warning:  Undefined array key "LastName" in /home/sla8ikk/Рабочий стол/sites/chat/chat-messanger/admin.php on line 56
[10-Sep-2024 20:29:58 Europe/Moscow] PHP Warning:  Undefined array key "LastName" in /home/sla8ikk/Рабочий стол/sites/chat/chat-messanger/admin.php on line 56
[10-Sep-2024 20:29:58 Europe/Moscow] PHP Warning:  Undefined array key "LastName" in /home/sla8ikk/Рабочий стол/sites/chat/chat-messanger/admin.php on line 56
[10-Sep-2024 20:29:58 Europe/Moscow] PHP Warning:  Undefined array key "LastName" in /home/sla8ikk/Рабочий стол/sites/chat/chat-messanger/admin.php on line 56
[10-Sep-2024 20:29:58 Europe/Moscow] PHP Warning:  Undefined array key "LastName" in /home/sla8ikk/Рабочий стол/sites/chat/chat-messanger/admin.php on line 56
[10-Sep-2024 20:29:58 Europe/Moscow] PHP Warning:  Undefined array key "LastName" in /home/sla8ikk/Рабочий стол/sites/chat/chat-messanger/admin.php on line 56
[10-Sep-2024 20:29:58 Europe/Moscow] PHP Warning:  Undefined array key "LastName" in /home/sla8ikk/Рабочий стол/sites/chat/chat-messanger/admin.php on line 56
[10-Sep-2024 20:29:58 Europe/Moscow] PHP Warning:  Undefined array key "LastName" in /home/sla8ikk/Рабочий стол/sites/chat/chat-messanger/admin.php on line 56
[10-Sep-2024 20:29:58 Europe/Moscow] PHP Warning:  Undefined array key "LastName" in /home/sla8ikk/Рабочий стол/sites/chat/chat-messanger/admin.php on line 56
[10-Sep-2024 20:29:58 Europe/Moscow] PHP Warning:  Undefined array key "LastName" in /home/sla8ikk/Рабочий стол/sites/chat/chat-messanger/admin.php on line 56
[10-Sep-2024 20:29:58 Europe/Moscow] PHP Warning:  Undefined array key "LastName" in /home/sla8ikk/Рабочий стол/sites/chat/chat-messanger/admin.php on line 56
[10-Sep-2024 20:29:58 Europe/Moscow] PHP Warning:  Undefined array key "LastName" in /home/sla8ikk/Рабочий стол/sites/chat/chat-messanger/admin.php on line 56
[10-Sep-2024 20:29:58 Europe/Moscow] PHP Warning:  Undefined array key "LastName" in /home/sla8ikk/Рабочий стол/sites/chat/chat-messanger/admin.php on line 56
[10-Sep-2024 20:29:58 Europe/Moscow] PHP Warning:  Undefined array key "LastName" in /home/sla8ikk/Рабочий стол/sites/chat/chat-messanger/admin.php on line 56
[10-Sep-2024 20:29:58 Europe/Moscow] PHP Warning:  Undefined array key "LastName" in /home/sla8ikk/Рабочий стол/sites/chat/chat-messanger/admin.php on line 56
[10-Sep-2024 20:29:58 Europe/Moscow] PHP Warning:  Undefined array key "LastName" in /home/sla8ikk/Рабочий стол/sites/chat/chat-messanger/admin.php on line 56
[10-Sep-2024 20:29:58 Europe/Moscow] PHP Warning:  Undefined array key "LastName" in /home/sla8ikk/Рабочий стол/sites/chat/chat-messanger/admin.php on line 56
[10-Sep-2024 20:29:58 Europe/Moscow] PHP Warning:  Undefined array key "LastName" in /home/sla8ikk/Рабочий стол/sites/chat/chat-messanger/admin.php on line 56
[10-Sep-2024 20:29:58 Europe/Moscow] PHP Warning:  Undefined array key "LastName" in /home/sla8ikk/Рабочий стол/sites/chat/chat-messanger/admin.php on line 56
[10-Sep-2024 20:29:58 Europe/Moscow] PHP Warning:  Undefined array key "LastName" in /home/sla8ikk/Рабочий стол/sites/chat/chat-messanger/admin.php on line 56
[10-Sep-2024 20:29:58 Europe/Moscow] PHP Warning:  Undefined array key "LastName" in /home/sla8ikk/Рабочий стол/sites/chat/chat-messanger/admin.php on line 56
[10-Sep-2024 20:29:58 Europe/Moscow] PHP Warning:  Undefined array key "LastName" in /home/sla8ikk/Рабочий стол/sites/chat/chat-messanger/admin.php on line 56
[10-Sep-2024 20:29:58 Europe/Moscow] PHP Warning:  Undefined array key "LastName" in /home/sla8ikk/Рабочий стол/sites/chat/chat-messanger/admin.php on line 56
[10-Sep-2024 20:29:58 Europe/Moscow] PHP Warning:  Undefined array key "LastName" in /home/sla8ikk/Рабочий стол/sites/chat/chat-messanger/admin.php on line 56
[10-Sep-2024 20:29:58 Europe/Moscow] PHP Warning:  Undefined array key "LastName" in /home/sla8ikk/Рабочий стол/sites/chat/chat-messanger/admin.php on line 56
[10-Sep-2024 20:29:58 Europe/Moscow] PHP Warning:  Undefined array key "LastName" in /home/sla8ikk/Рабочий стол/sites/chat/chat-messanger/admin.php on line 56
[10-Sep-2024 20:29:58 Europe/Moscow] PHP Warning:  Undefined array key "LastName" in /home/sla8ikk/Рабочий стол/sites/chat/chat-messanger/admin.php on line 56
[10-Sep-2024 20:29:58 Europe/Moscow] PHP Warning:  Undefined array key "LastName" in /home/sla8ikk/Рабочий стол/sites/chat/chat-messanger/admin.php on line 56
[10-Sep-2024 20:29:58 Europe/Moscow] PHP Warning:  Undefined array key "LastName" in /home/sla8ikk/Рабочий стол/sites/chat/chat-messanger/admin.php on line 56
[10-Sep-2024 20:29:58 Europe/Moscow] PHP Warning:  Undefined array key "LastName" in /home/sla8ikk/Рабочий стол/sites/chat/chat-messanger/admin.php on line 56
[10-Sep-2024 20:29:58 Europe/Moscow] PHP Fatal error:  Cannot redeclare get_chat() (previously declared in /home/sla8ikk/Рабочий стол/sites/chat/chat-messanger/pdo.php:31) in /home/sla8ikk/Рабочий стол/sites/chat/chat-messanger/pdo.php on line 31
[10-Sep-2024 20:30:15 Europe/Moscow] PHP Warning:  Undefined array key "LastName" in /home/sla8ikk/Рабочий стол/sites/chat/chat-messanger/admin.php on line 56
[10-Sep-2024 20:30:15 Europe/Moscow] PHP Warning:  Undefined array key "LastName" in /home/sla8ikk/Рабочий стол/sites/chat/chat-messanger/admin.php on line 56
[10-Sep-2024 20:30:15 Europe/Moscow] PHP Warning:  Undefined array key "LastName" in /home/sla8ikk/Рабочий стол/sites/chat/chat-messanger/admin.php on line 56
[10-Sep-2024 20:30:15 Europe/Moscow] PHP Warning:  Undefined array key "LastName" in /home/sla8ikk/Рабочий стол/sites/chat/chat-messanger/admin.php on line 56
[10-Sep-2024 20:30:15 Europe/Moscow] PHP Warning:  Undefined array key "LastName" in /home/sla8ikk/Рабочий стол/sites/chat/chat-messanger/admin.php on line 56
[10-Sep-2024 20:30:15 Europe/Moscow] PHP Warning:  Undefined array key "LastName" in /home/sla8ikk/Рабочий стол/sites/chat/chat-messanger/admin.php on line 56
[10-Sep-2024 20:30:15 Europe/Moscow] PHP Warning:  Undefined array key "LastName" in /home/sla8ikk/Рабочий стол/sites/chat/chat-messanger/admin.php on line 56
[10-Sep-2024 20:30:15 Europe/Moscow] PHP Warning:  Undefined array key "LastName" in /home/sla8ikk/Рабочий стол/sites/chat/chat-messanger/admin.php on line 56
[10-Sep-2024 20:30:15 Europe/Moscow] PHP Warning:  Undefined array key "LastName" in /home/sla8ikk/Рабочий стол/sites/chat/chat-messanger/admin.php on line 56
[10-Sep-2024 20:30:15 Europe/Moscow] PHP Warning:  Undefined array key "LastName" in /home/sla8ikk/Рабочий стол/sites/chat/chat-messanger/admin.php on line 56
[10-Sep-2024 20:30:15 Europe/Moscow] PHP Warning:  Undefined array key "LastName" in /home/sla8ikk/Рабочий стол/sites/chat/chat-messanger/admin.php on line 56
[10-Sep-2024 20:30:15 Europe/Moscow] PHP Warning:  Undefined array key "LastName" in /home/sla8ikk/Рабочий стол/sites/chat/chat-messanger/admin.php on line 56
[10-Sep-2024 20:30:15 Europe/Moscow] PHP Warning:  Undefined array key "LastName" in /home/sla8ikk/Рабочий стол/sites/chat/chat-messanger/admin.php on line 56
[10-Sep-2024 20:30:15 Europe/Moscow] PHP Warning:  Undefined array key "LastName" in /home/sla8ikk/Рабочий стол/sites/chat/chat-messanger/admin.php on line 56
[10-Sep-2024 20:30:15 Europe/Moscow] PHP Warning:  Undefined array key "LastName" in /home/sla8ikk/Рабочий стол/sites/chat/chat-messanger/admin.php on line 56
[10-Sep-2024 20:30:15 Europe/Moscow] PHP Warning:  Undefined array key "LastName" in /home/sla8ikk/Рабочий стол/sites/chat/chat-messanger/admin.php on line 56
[10-Sep-2024 20:30:15 Europe/Moscow] PHP Warning:  Undefined array key "LastName" in /home/sla8ikk/Рабочий стол/sites/chat/chat-messanger/admin.php on line 56
[10-Sep-2024 20:30:15 Europe/Moscow] PHP Warning:  Undefined array key "LastName" in /home/sla8ikk/Рабочий стол/sites/chat/chat-messanger/admin.php on line 56
[10-Sep-2024 20:30:15 Europe/Moscow] PHP Warning:  Undefined array key "LastName" in /home/sla8ikk/Рабочий стол/sites/chat/chat-messanger/admin.php on line 56
[10-Sep-2024 20:30:15 Europe/Moscow] PHP Warning:  Undefined array key "LastName" in /home/sla8ikk/Рабочий стол/sites/chat/chat-messanger/admin.php on line 56
[10-Sep-2024 20:30:15 Europe/Moscow] PHP Warning:  Undefined array key "LastName" in /home/sla8ikk/Рабочий стол/sites/chat/chat-messanger/admin.php on line 56
[10-Sep-2024 20:30:15 Europe/Moscow] PHP Warning:  Undefined array key "LastName" in /home/sla8ikk/Рабочий стол/sites/chat/chat-messanger/admin.php on line 56
[10-Sep-2024 20:30:15 Europe/Moscow] PHP Warning:  Undefined array key "LastName" in /home/sla8ikk/Рабочий стол/sites/chat/chat-messanger/admin.php on line 56
[10-Sep-2024 20:30:15 Europe/Moscow] PHP Warning:  Undefined array key "LastName" in /home/sla8ikk/Рабочий стол/sites/chat/chat-messanger/admin.php on line 56
[10-Sep-2024 20:30:15 Europe/Moscow] PHP Warning:  Undefined array key "LastName" in /home/sla8ikk/Рабочий стол/sites/chat/chat-messanger/admin.php on line 56
[10-Sep-2024 20:30:15 Europe/Moscow] PHP Warning:  Undefined array key "LastName" in /home/sla8ikk/Рабочий стол/sites/chat/chat-messanger/admin.php on line 56
[10-Sep-2024 20:30:15 Europe/Moscow] PHP Warning:  Undefined array key "LastName" in /home/sla8ikk/Рабочий стол/sites/chat/chat-messanger/admin.php on line 56
[10-Sep-2024 20:30:15 Europe/Moscow] PHP Warning:  Undefined array key "LastName" in /home/sla8ikk/Рабочий стол/sites/chat/chat-messanger/admin.php on line 56
[10-Sep-2024 20:30:15 Europe/Moscow] PHP Warning:  Undefined array key "LastName" in /home/sla8ikk/Рабочий стол/sites/chat/chat-messanger/admin.php on line 56
[10-Sep-2024 20:30:15 Europe/Moscow] PHP Warning:  Undefined array key "LastName" in /home/sla8ikk/Рабочий стол/sites/chat/chat-messanger/admin.php on line 56
[10-Sep-2024 20:30:15 Europe/Moscow] PHP Warning:  Undefined array key "LastName" in /home/sla8ikk/Рабочий стол/sites/chat/chat-messanger/admin.php on line 56
[10-Sep-2024 20:30:15 Europe/Moscow] PHP Warning:  Undefined array key "LastName" in /home/sla8ikk/Рабочий стол/sites/chat/chat-messanger/admin.php on line 56
[10-Sep-2024 20:30:15 Europe/Moscow] PHP Warning:  Undefined array key "LastName" in /home/sla8ikk/Рабочий стол/sites/chat/chat-messanger/admin.php on line 56
[10-Sep-2024 20:30:15 Europe/Moscow] PHP Warning:  Undefined array key "LastName" in /home/sla8ikk/Рабочий стол/sites/chat/chat-messanger/admin.php on line 56
[10-Sep-2024 20:30:15 Europe/Moscow] PHP Warning:  Undefined array key "LastName" in /home/sla8ikk/Рабочий стол/sites/chat/chat-messanger/admin.php on line 56
[10-Sep-2024 20:30:15 Europe/Moscow] PHP Warning:  Undefined array key "LastName" in /home/sla8ikk/Рабочий стол/sites/chat/chat-messanger/admin.php on line 56
[10-Sep-2024 20:30:15 Europe/Moscow] PHP Warning:  Undefined array key "LastName" in /home/sla8ikk/Рабочий стол/sites/chat/chat-messanger/admin.php on line 56
[10-Sep-2024 20:30:15 Europe/Moscow] PHP Warning:  Undefined array key "LastName" in /home/sla8ikk/Рабочий стол/sites/chat/chat-messanger/admin.php on line 56
[10-Sep-2024 20:30:15 Europe/Moscow] PHP Warning:  Undefined array key "LastName" in /home/sla8ikk/Рабочий стол/sites/chat/chat-messanger/admin.php on line 56
[10-Sep-2024 20:30:15 Europe/Moscow] PHP Warning:  Undefined array key "LastName" in /home/sla8ikk/Рабочий стол/sites/chat/chat-messanger/admin.php on line 56
[10-Sep-2024 20:30:15 Europe/Moscow] PHP Warning:  Undefined array key "LastName" in /home/sla8ikk/Рабочий стол/sites/chat/chat-messanger/admin.php on line 56
[10-Sep-2024 20:30:15 Europe/Moscow] PHP Warning:  Undefined array key "LastName" in /home/sla8ikk/Рабочий стол/sites/chat/chat-messanger/admin.php on line 56
[10-Sep-2024 20:30:15 Europe/Moscow] PHP Warning:  Undefined array key "LastName" in /home/sla8ikk/Рабочий стол/sites/chat/chat-messanger/admin.php on line 56
[10-Sep-2024 20:30:15 Europe/Moscow] PHP Warning:  Undefined array key "LastName" in /home/sla8ikk/Рабочий стол/sites/chat/chat-messanger/admin.php on line 56
[10-Sep-2024 20:30:15 Europe/Moscow] PHP Warning:  Undefined array key "LastName" in /home/sla8ikk/Рабочий стол/sites/chat/chat-messanger/admin.php on line 56
[10-Sep-2024 20:30:15 Europe/Moscow] PHP Warning:  Undefined array key "LastName" in /home/sla8ikk/Рабочий стол/sites/chat/chat-messanger/admin.php on line 56
[10-Sep-2024 20:30:15 Europe/Moscow] PHP Warning:  Undefined array key "LastName" in /home/sla8ikk/Рабочий стол/sites/chat/chat-messanger/admin.php on line 56
[10-Sep-2024 20:30:15 Europe/Moscow] PHP Warning:  Undefined array key "LastName" in /home/sla8ikk/Рабочий стол/sites/chat/chat-messanger/admin.php on line 56
[10-Sep-2024 20:30:15 Europe/Moscow] PHP Fatal error:  Cannot redeclare get_chat() (previously declared in /home/sla8ikk/Рабочий стол/sites/chat/chat-messanger/pdo.php:31) in /home/sla8ikk/Рабочий стол/sites/chat/chat-messanger/pdo.php on line 31
[10-Sep-2024 20:30:16 Europe/Moscow] PHP Warning:  Undefined array key "LastName" in /home/sla8ikk/Рабочий стол/sites/chat/chat-messanger/admin.php on line 56
[10-Sep-2024 20:30:16 Europe/Moscow] PHP Warning:  Undefined array key "LastName" in /home/sla8ikk/Рабочий стол/sites/chat/chat-messanger/admin.php on line 56
[10-Sep-2024 20:30:16 Europe/Moscow] PHP Warning:  Undefined array key "LastName" in /home/sla8ikk/Рабочий стол/sites/chat/chat-messanger/admin.php on line 56
[10-Sep-2024 20:30:16 Europe/Moscow] PHP Warning:  Undefined array key "LastName" in /home/sla8ikk/Рабочий стол/sites/chat/chat-messanger/admin.php on line 56
[10-Sep-2024 20:30:16 Europe/Moscow] PHP Warning:  Undefined array key "LastName" in /home/sla8ikk/Рабочий стол/sites/chat/chat-messanger/admin.php on line 56
[10-Sep-2024 20:30:16 Europe/Moscow] PHP Warning:  Undefined array key "LastName" in /home/sla8ikk/Рабочий стол/sites/chat/chat-messanger/admin.php on line 56
[10-Sep-2024 20:30:16 Europe/Moscow] PHP Warning:  Undefined array key "LastName" in /home/sla8ikk/Рабочий стол/sites/chat/chat-messanger/admin.php on line 56
[10-Sep-2024 20:30:16 Europe/Moscow] PHP Warning:  Undefined array key "LastName" in /home/sla8ikk/Рабочий стол/sites/chat/chat-messanger/admin.php on line 56
[10-Sep-2024 20:30:16 Europe/Moscow] PHP Warning:  Undefined array key "LastName" in /home/sla8ikk/Рабочий стол/sites/chat/chat-messanger/admin.php on line 56
[10-Sep-2024 20:30:16 Europe/Moscow] PHP Warning:  Undefined array key "LastName" in /home/sla8ikk/Рабочий стол/sites/chat/chat-messanger/admin.php on line 56
[10-Sep-2024 20:30:16 Europe/Moscow] PHP Warning:  Undefined array key "LastName" in /home/sla8ikk/Рабочий стол/sites/chat/chat-messanger/admin.php on line 56
[10-Sep-2024 20:30:16 Europe/Moscow] PHP Warning:  Undefined array key "LastName" in /home/sla8ikk/Рабочий стол/sites/chat/chat-messanger/admin.php on line 56
[10-Sep-2024 20:30:16 Europe/Moscow] PHP Warning:  Undefined array key "LastName" in /home/sla8ikk/Рабочий стол/sites/chat/chat-messanger/admin.php on line 56
[10-Sep-2024 20:30:16 Europe/Moscow] PHP Warning:  Undefined array key "LastName" in /home/sla8ikk/Рабочий стол/sites/chat/chat-messanger/admin.php on line 56
[10-Sep-2024 20:30:16 Europe/Moscow] PHP Warning:  Undefined array key "LastName" in /home/sla8ikk/Рабочий стол/sites/chat/chat-messanger/admin.php on line 56
[10-Sep-2024 20:30:16 Europe/Moscow] PHP Warning:  Undefined array key "LastName" in /home/sla8ikk/Рабочий стол/sites/chat/chat-messanger/admin.php on line 56
[10-Sep-2024 20:30:16 Europe/Moscow] PHP Warning:  Undefined array key "LastName" in /home/sla8ikk/Рабочий стол/sites/chat/chat-messanger/admin.php on line 56
[10-Sep-2024 20:30:16 Europe/Moscow] PHP Warning:  Undefined array key "LastName" in /home/sla8ikk/Рабочий стол/sites/chat/chat-messanger/admin.php on line 56
[10-Sep-2024 20:30:16 Europe/Moscow] PHP Warning:  Undefined array key "LastName" in /home/sla8ikk/Рабочий стол/sites/chat/chat-messanger/admin.php on line 56
[10-Sep-2024 20:30:16 Europe/Moscow] PHP Warning:  Undefined array key "LastName" in /home/sla8ikk/Рабочий стол/sites/chat/chat-messanger/admin.php on line 56
[10-Sep-2024 20:30:16 Europe/Moscow] PHP Warning:  Undefined array key "LastName" in /home/sla8ikk/Рабочий стол/sites/chat/chat-messanger/admin.php on line 56
[10-Sep-2024 20:30:16 Europe/Moscow] PHP Warning:  Undefined array key "LastName" in /home/sla8ikk/Рабочий стол/sites/chat/chat-messanger/admin.php on line 56
[10-Sep-2024 20:30:16 Europe/Moscow] PHP Warning:  Undefined array key "LastName" in /home/sla8ikk/Рабочий стол/sites/chat/chat-messanger/admin.php on line 56
[10-Sep-2024 20:30:16 Europe/Moscow] PHP Warning:  Undefined array key "LastName" in /home/sla8ikk/Рабочий стол/sites/chat/chat-messanger/admin.php on line 56
[10-Sep-2024 20:30:16 Europe/Moscow] PHP Warning:  Undefined array key "LastName" in /home/sla8ikk/Рабочий стол/sites/chat/chat-messanger/admin.php on line 56
[10-Sep-2024 20:30:16 Europe/Moscow] PHP Warning:  Undefined array key "LastName" in /home/sla8ikk/Рабочий стол/sites/chat/chat-messanger/admin.php on line 56
[10-Sep-2024 20:30:16 Europe/Moscow] PHP Warning:  Undefined array key "LastName" in /home/sla8ikk/Рабочий стол/sites/chat/chat-messanger/admin.php on line 56
[10-Sep-2024 20:30:16 Europe/Moscow] PHP Warning:  Undefined array key "LastName" in /home/sla8ikk/Рабочий стол/sites/chat/chat-messanger/admin.php on line 56
[10-Sep-2024 20:30:16 Europe/Moscow] PHP Warning:  Undefined array key "LastName" in /home/sla8ikk/Рабочий стол/sites/chat/chat-messanger/admin.php on line 56
[10-Sep-2024 20:30:16 Europe/Moscow] PHP Warning:  Undefined array key "LastName" in /home/sla8ikk/Рабочий стол/sites/chat/chat-messanger/admin.php on line 56
[10-Sep-2024 20:30:16 Europe/Moscow] PHP Warning:  Undefined array key "LastName" in /home/sla8ikk/Рабочий стол/sites/chat/chat-messanger/admin.php on line 56
[10-Sep-2024 20:30:16 Europe/Moscow] PHP Warning:  Undefined array key "LastName" in /home/sla8ikk/Рабочий стол/sites/chat/chat-messanger/admin.php on line 56
[10-Sep-2024 20:30:16 Europe/Moscow] PHP Warning:  Undefined array key "LastName" in /home/sla8ikk/Рабочий стол/sites/chat/chat-messanger/admin.php on line 56
[10-Sep-2024 20:30:16 Europe/Moscow] PHP Warning:  Undefined array key "LastName" in /home/sla8ikk/Рабочий стол/sites/chat/chat-messanger/admin.php on line 56
[10-Sep-2024 20:30:16 Europe/Moscow] PHP Warning:  Undefined array key "LastName" in /home/sla8ikk/Рабочий стол/sites/chat/chat-messanger/admin.php on line 56
[10-Sep-2024 20:30:16 Europe/Moscow] PHP Warning:  Undefined array key "LastName" in /home/sla8ikk/Рабочий стол/sites/chat/chat-messanger/admin.php on line 56
[10-Sep-2024 20:30:16 Europe/Moscow] PHP Warning:  Undefined array key "LastName" in /home/sla8ikk/Рабочий стол/sites/chat/chat-messanger/admin.php on line 56
[10-Sep-2024 20:30:16 Europe/Moscow] PHP Warning:  Undefined array key "LastName" in /home/sla8ikk/Рабочий стол/sites/chat/chat-messanger/admin.php on line 56
[10-Sep-2024 20:30:16 Europe/Moscow] PHP Warning:  Undefined array key "LastName" in /home/sla8ikk/Рабочий стол/sites/chat/chat-messanger/admin.php on line 56
[10-Sep-2024 20:30:16 Europe/Moscow] PHP Warning:  Undefined array key "LastName" in /home/sla8ikk/Рабочий стол/sites/chat/chat-messanger/admin.php on line 56
[10-Sep-2024 20:30:16 Europe/Moscow] PHP Warning:  Undefined array key "LastName" in /home/sla8ikk/Рабочий стол/sites/chat/chat-messanger/admin.php on line 56
[10-Sep-2024 20:30:16 Europe/Moscow] PHP Warning:  Undefined array key "LastName" in /home/sla8ikk/Рабочий стол/sites/chat/chat-messanger/admin.php on line 56
[10-Sep-2024 20:30:16 Europe/Moscow] PHP Warning:  Undefined array key "LastName" in /home/sla8ikk/Рабочий стол/sites/chat/chat-messanger/admin.php on line 56
[10-Sep-2024 20:30:16 Europe/Moscow] PHP Warning:  Undefined array key "LastName" in /home/sla8ikk/Рабочий стол/sites/chat/chat-messanger/admin.php on line 56
[10-Sep-2024 20:30:16 Europe/Moscow] PHP Warning:  Undefined array key "LastName" in /home/sla8ikk/Рабочий стол/sites/chat/chat-messanger/admin.php on line 56
[10-Sep-2024 20:30:16 Europe/Moscow] PHP Warning:  Undefined array key "LastName" in /home/sla8ikk/Рабочий стол/sites/chat/chat-messanger/admin.php on line 56
[10-Sep-2024 20:30:16 Europe/Moscow] PHP Warning:  Undefined array key "LastName" in /home/sla8ikk/Рабочий стол/sites/chat/chat-messanger/admin.php on line 56
[10-Sep-2024 20:30:16 Europe/Moscow] PHP Warning:  Undefined array key "LastName" in /home/sla8ikk/Рабочий стол/sites/chat/chat-messanger/admin.php on line 56
[10-Sep-2024 20:30:16 Europe/Moscow] PHP Fatal error:  Cannot redeclare get_chat() (previously declared in /home/sla8ikk/Рабочий стол/sites/chat/chat-messanger/pdo.php:31) in /home/sla8ikk/Рабочий стол/sites/chat/chat-messanger/pdo.php on line 31
[10-Sep-2024 20:35:20 Europe/Moscow] PHP Warning:  Undefined array key "id" in /home/sla8ikk/Рабочий стол/sites/chat/chat-messanger/header.php on line 2
[10-Sep-2024 20:35:20 Europe/Moscow] PHP Fatal error:  Uncaught PDOException: SQLSTATE[42S22]: Column not found: 1054 Unknown column 'id' in 'where clause' in /home/sla8ikk/Рабочий стол/sites/chat/chat-messanger/pdo.php:92
Stack trace:
#0 /home/sla8ikk/Рабочий стол/sites/chat/chat-messanger/pdo.php(92): PDOStatement->execute()
#1 /home/sla8ikk/Рабочий стол/sites/chat/chat-messanger/header.php(2): get_user()
#2 /home/sla8ikk/Рабочий стол/sites/chat/chat-messanger/index.php(18): include('...')
#3 {main}
  thrown in /home/sla8ikk/Рабочий стол/sites/chat/chat-messanger/pdo.php on line 92
[10-Sep-2024 20:40:17 Europe/Moscow] PHP Warning:  Undefined array key "id" in /home/sla8ikk/Рабочий стол/sites/chat/chat-messanger/header.php on line 2
[10-Sep-2024 20:40:17 Europe/Moscow] PHP Warning:  Undefined array key "login" in /home/sla8ikk/Рабочий стол/sites/chat/chat-messanger/header.php on line 16
[10-Sep-2024 20:40:17 Europe/Moscow] PHP Warning:  Undefined array key "login" in /home/sla8ikk/Рабочий стол/sites/chat/chat-messanger/header.php on line 20
[10-Sep-2024 20:43:37 Europe/Moscow] PHP Fatal error:  Uncaught Error: Call to undefined function get_user() in /home/sla8ikk/Рабочий стол/sites/chat/chat-messanger/header.php:2
Stack trace:
#0 /home/sla8ikk/Рабочий стол/sites/chat/chat-messanger/register.php(13): include()
#1 {main}
  thrown in /home/sla8ikk/Рабочий стол/sites/chat/chat-messanger/header.php on line 2
[10-Sep-2024 20:44:34 Europe/Moscow] PHP Fatal error:  Uncaught Error: Call to undefined function get_user() in /home/sla8ikk/Рабочий стол/sites/chat/chat-messanger/header.php:2
Stack trace:
#0 /home/sla8ikk/Рабочий стол/sites/chat/chat-messanger/register.php(15): include()
#1 {main}
  thrown in /home/sla8ikk/Рабочий стол/sites/chat/chat-messanger/header.php on line 2
[10-Sep-2024 20:44:35 Europe/Moscow] PHP Fatal error:  Uncaught Error: Call to undefined function get_user() in /home/sla8ikk/Рабочий стол/sites/chat/chat-messanger/header.php:2
Stack trace:
#0 /home/sla8ikk/Рабочий стол/sites/chat/chat-messanger/register.php(15): include()
#1 {main}
  thrown in /home/sla8ikk/Рабочий стол/sites/chat/chat-messanger/header.php on line 2
[10-Sep-2024 20:44:36 Europe/Moscow] PHP Fatal error:  Uncaught Error: Call to undefined function get_user() in /home/sla8ikk/Рабочий стол/sites/chat/chat-messanger/header.php:2
Stack trace:
#0 /home/sla8ikk/Рабочий стол/sites/chat/chat-messanger/register.php(15): include()
#1 {main}
  thrown in /home/sla8ikk/Рабочий стол/sites/chat/chat-messanger/header.php on line 2
[10-Sep-2024 20:45:03 Europe/Moscow] PHP Warning:  Undefined array key "id" in /home/sla8ikk/Рабочий стол/sites/chat/chat-messanger/header.php on line 2
[10-Sep-2024 20:45:03 Europe/Moscow] PHP Warning:  Undefined array key "login" in /home/sla8ikk/Рабочий стол/sites/chat/chat-messanger/header.php on line 16
[10-Sep-2024 20:45:03 Europe/Moscow] PHP Warning:  Undefined array key "login" in /home/sla8ikk/Рабочий стол/sites/chat/chat-messanger/header.php on line 20
[10-Sep-2024 20:47:03 Europe/Moscow] PHP Warning:  Undefined array key "id" in /home/sla8ikk/Рабочий стол/sites/chat/chat-messanger/header.php on line 2
[10-Sep-2024 20:47:03 Europe/Moscow] PHP Warning:  Undefined array key "login" in /home/sla8ikk/Рабочий стол/sites/chat/chat-messanger/header.php on line 16
[10-Sep-2024 20:47:03 Europe/Moscow] PHP Warning:  Undefined array key "login" in /home/sla8ikk/Рабочий стол/sites/chat/chat-messanger/header.php on line 20
[12-Sep-2024 20:51:10 Europe/Moscow] PHP Warning:  Undefined array key "id" in /home/sla8ikk/Рабочий стол/sites/chat/chat-messanger/header.php on line 2
[12-Sep-2024 20:51:10 Europe/Moscow] PHP Warning:  Undefined array key "login" in /home/sla8ikk/Рабочий стол/sites/chat/chat-messanger/header.php on line 16
[12-Sep-2024 20:51:10 Europe/Moscow] PHP Warning:  Undefined array key "login" in /home/sla8ikk/Рабочий стол/sites/chat/chat-messanger/header.php on line 20
[12-Sep-2024 20:51:19 Europe/Moscow] PHP Warning:  Undefined array key "id" in /home/sla8ikk/Рабочий стол/sites/chat/chat-messanger/header.php on line 2
[12-Sep-2024 20:51:19 Europe/Moscow] PHP Warning:  Undefined array key "login" in /home/sla8ikk/Рабочий стол/sites/chat/chat-messanger/header.php on line 16
[12-Sep-2024 20:51:19 Europe/Moscow] PHP Warning:  Undefined array key "login" in /home/sla8ikk/Рабочий стол/sites/chat/chat-messanger/header.php on line 20
[12-Sep-2024 20:52:43 Europe/Moscow] PHP Warning:  Undefined array key "id" in /home/sla8ikk/Рабочий стол/sites/chat/chat-messanger/header.php on line 2
[12-Sep-2024 20:52:43 Europe/Moscow] PHP Warning:  Undefined array key "login" in /home/sla8ikk/Рабочий стол/sites/chat/chat-messanger/header.php on line 16
[12-Sep-2024 20:52:43 Europe/Moscow] PHP Warning:  Undefined array key "login" in /home/sla8ikk/Рабочий стол/sites/chat/chat-messanger/header.php on line 20
[12-Sep-2024 20:53:05 Europe/Moscow] PHP Warning:  Undefined array key "id" in /home/sla8ikk/Рабочий стол/sites/chat/chat-messanger/header.php on line 2
[12-Sep-2024 20:53:05 Europe/Moscow] PHP Warning:  Undefined array key "login" in /home/sla8ikk/Рабочий стол/sites/chat/chat-messanger/header.php on line 16
[12-Sep-2024 20:53:05 Europe/Moscow] PHP Warning:  Undefined array key "login" in /home/sla8ikk/Рабочий стол/sites/chat/chat-messanger/header.php on line 20
[12-Sep-2024 20:53:05 Europe/Moscow] PHP Warning:  Undefined array key "firstaNme" in /home/sla8ikk/Рабочий стол/sites/chat/chat-messanger/register.php on line 52
[12-Sep-2024 20:53:05 Europe/Moscow] PHP Warning:  Undefined array key "firstName" in /home/sla8ikk/Рабочий стол/sites/chat/chat-messanger/user.php on line 18
[12-Sep-2024 20:53:05 Europe/Moscow] PHP Warning:  Undefined array key "lastName" in /home/sla8ikk/Рабочий стол/sites/chat/chat-messanger/user.php on line 19
[12-Sep-2024 20:53:05 Europe/Moscow] PHP Warning:  Undefined array key "dateOfBirth" in /home/sla8ikk/Рабочий стол/sites/chat/chat-messanger/user.php on line 20
[12-Sep-2024 20:53:05 Europe/Moscow] PHP Warning:  Undefined array key "login" in /home/sla8ikk/Рабочий стол/sites/chat/chat-messanger/user.php on line 21
[12-Sep-2024 20:53:05 Europe/Moscow] PHP Warning:  Undefined array key "password" in /home/sla8ikk/Рабочий стол/sites/chat/chat-messanger/user.php on line 22
[12-Sep-2024 20:54:22 Europe/Moscow] PHP Warning:  Undefined array key "firstName" in /home/sla8ikk/Рабочий стол/sites/chat/chat-messanger/user.php on line 18
[12-Sep-2024 20:54:22 Europe/Moscow] PHP Warning:  Undefined array key "lastName" in /home/sla8ikk/Рабочий стол/sites/chat/chat-messanger/user.php on line 19
[12-Sep-2024 20:54:22 Europe/Moscow] PHP Warning:  Undefined array key "dateOfBirth" in /home/sla8ikk/Рабочий стол/sites/chat/chat-messanger/user.php on line 20
[12-Sep-2024 20:54:22 Europe/Moscow] PHP Warning:  Undefined array key "login" in /home/sla8ikk/Рабочий стол/sites/chat/chat-messanger/user.php on line 21
[12-Sep-2024 20:54:22 Europe/Moscow] PHP Warning:  Undefined array key "password" in /home/sla8ikk/Рабочий стол/sites/chat/chat-messanger/user.php on line 22
[12-Sep-2024 20:54:57 Europe/Moscow] PHP Warning:  Undefined array key 0 in /home/sla8ikk/Рабочий стол/sites/chat/chat-messanger/index.php on line 76
[12-Sep-2024 20:54:57 Europe/Moscow] PHP Warning:  Trying to access array offset on value of type null in /home/sla8ikk/Рабочий стол/sites/chat/chat-messanger/index.php on line 77
[12-Sep-2024 20:54:57 Europe/Moscow] PHP Warning:  Trying to access array offset on value of type null in /home/sla8ikk/Рабочий стол/sites/chat/chat-messanger/index.php on line 77
[12-Sep-2024 20:54:57 Europe/Moscow] PHP Warning:  Trying to access array offset on value of type null in /home/sla8ikk/Рабочий стол/sites/chat/chat-messanger/index.php on line 77
[12-Sep-2024 20:54:57 Europe/Moscow] PHP Warning:  Undefined array key 1 in /home/sla8ikk/Рабочий стол/sites/chat/chat-messanger/index.php on line 76
[12-Sep-2024 20:54:57 Europe/Moscow] PHP Warning:  Trying to access array offset on value of type null in /home/sla8ikk/Рабочий стол/sites/chat/chat-messanger/index.php on line 77
[12-Sep-2024 20:54:57 Europe/Moscow] PHP Warning:  Trying to access array offset on value of type null in /home/sla8ikk/Рабочий стол/sites/chat/chat-messanger/index.php on line 77
[12-Sep-2024 20:54:57 Europe/Moscow] PHP Warning:  Trying to access array offset on value of type null in /home/sla8ikk/Рабочий стол/sites/chat/chat-messanger/index.php on line 77
[12-Sep-2024 20:54:57 Europe/Moscow] PHP Warning:  Undefined array key 2 in /home/sla8ikk/Рабочий стол/sites/chat/chat-messanger/index.php on line 76
[12-Sep-2024 20:54:57 Europe/Moscow] PHP Warning:  Trying to access array offset on value of type null in /home/sla8ikk/Рабочий стол/sites/chat/chat-messanger/index.php on line 77
[12-Sep-2024 20:54:57 Europe/Moscow] PHP Warning:  Trying to access array offset on value of type null in /home/sla8ikk/Рабочий стол/sites/chat/chat-messanger/index.php on line 77
[12-Sep-2024 20:54:57 Europe/Moscow] PHP Warning:  Trying to access array offset on value of type null in /home/sla8ikk/Рабочий стол/sites/chat/chat-messanger/index.php on line 77
[12-Sep-2024 21:06:04 Europe/Moscow] PHP Warning:  Undefined array key 0 in /home/sla8ikk/Рабочий стол/sites/chat/chat-messanger/pdo.php on line 70
[12-Sep-2024 21:06:04 Europe/Moscow] PHP Warning:  Trying to access array offset on value of type null in /home/sla8ikk/Рабочий стол/sites/chat/chat-messanger/pdo.php on line 70
[17-Sep-2024 20:41:37 Europe/Moscow] PHP Warning:  Undefined array key "id" in /home/sla8ikk/Рабочий стол/sites/chat/chat-messanger/header.php on line 2
[17-Sep-2024 20:41:38 Europe/Moscow] PHP Warning:  Undefined array key "login" in /home/sla8ikk/Рабочий стол/sites/chat/chat-messanger/header.php on line 16
[17-Sep-2024 20:41:38 Europe/Moscow] PHP Warning:  Undefined array key "login" in /home/sla8ikk/Рабочий стол/sites/chat/chat-messanger/header.php on line 20
[17-Sep-2024 20:42:28 Europe/Moscow] PHP Warning:  Undefined array key "id" in /home/sla8ikk/Рабочий стол/sites/chat/chat-messanger/header.php on line 2
[17-Sep-2024 20:42:28 Europe/Moscow] PHP Warning:  Undefined array key "login" in /home/sla8ikk/Рабочий стол/sites/chat/chat-messanger/header.php on line 16
[17-Sep-2024 20:42:28 Europe/Moscow] PHP Warning:  Undefined array key "login" in /home/sla8ikk/Рабочий стол/sites/chat/chat-messanger/header.php on line 20
[17-Sep-2024 20:44:33 Europe/Moscow] PHP Warning:  Undefined array key "id" in /home/sla8ikk/Рабочий стол/sites/chat/chat-messanger/header.php on line 2
[17-Sep-2024 20:44:33 Europe/Moscow] PHP Warning:  Undefined array key "login" in /home/sla8ikk/Рабочий стол/sites/chat/chat-messanger/header.php on line 16
[17-Sep-2024 20:44:33 Europe/Moscow] PHP Warning:  Undefined array key "login" in /home/sla8ikk/Рабочий стол/sites/chat/chat-messanger/header.php on line 20
[17-Sep-2024 20:44:33 Europe/Moscow] PHP Warning:  Undefined array key "firstName" in /home/sla8ikk/Рабочий стол/sites/chat/chat-messanger/user.php on line 18
[17-Sep-2024 20:44:33 Europe/Moscow] PHP Warning:  Undefined array key "lastName" in /home/sla8ikk/Рабочий стол/sites/chat/chat-messanger/user.php on line 19
[17-Sep-2024 20:44:33 Europe/Moscow] PHP Warning:  Undefined array key "dateOfBirth" in /home/sla8ikk/Рабочий стол/sites/chat/chat-messanger/user.php on line 20
[17-Sep-2024 20:44:40 Europe/Moscow] PHP Warning:  Undefined array key "id" in /home/sla8ikk/Рабочий стол/sites/chat/chat-messanger/header.php on line 2
[17-Sep-2024 20:44:40 Europe/Moscow] PHP Warning:  Undefined array key "login" in /home/sla8ikk/Рабочий стол/sites/chat/chat-messanger/header.php on line 16
[17-Sep-2024 20:44:40 Europe/Moscow] PHP Warning:  Undefined array key "login" in /home/sla8ikk/Рабочий стол/sites/chat/chat-messanger/header.php on line 20
[17-Sep-2024 20:44:40 Europe/Moscow] PHP Warning:  Undefined array key "firstName" in /home/sla8ikk/Рабочий стол/sites/chat/chat-messanger/user.php on line 18
[17-Sep-2024 20:44:40 Europe/Moscow] PHP Warning:  Undefined array key "lastName" in /home/sla8ikk/Рабочий стол/sites/chat/chat-messanger/user.php on line 19
[17-Sep-2024 20:44:40 Europe/Moscow] PHP Warning:  Undefined array key "dateOfBirth" in /home/sla8ikk/Рабочий стол/sites/chat/chat-messanger/user.php on line 20
[17-Sep-2024 20:44:42 Europe/Moscow] PHP Warning:  Undefined array key "id" in /home/sla8ikk/Рабочий стол/sites/chat/chat-messanger/header.php on line 2
[17-Sep-2024 20:44:42 Europe/Moscow] PHP Warning:  Undefined array key "login" in /home/sla8ikk/Рабочий стол/sites/chat/chat-messanger/header.php on line 16
[17-Sep-2024 20:44:42 Europe/Moscow] PHP Warning:  Undefined array key "login" in /home/sla8ikk/Рабочий стол/sites/chat/chat-messanger/header.php on line 20
[17-Sep-2024 20:45:54 Europe/Moscow] PHP Warning:  Undefined array key "id" in /home/sla8ikk/Рабочий стол/sites/chat/chat-messanger/header.php on line 2
[17-Sep-2024 20:45:54 Europe/Moscow] PHP Warning:  Undefined array key "login" in /home/sla8ikk/Рабочий стол/sites/chat/chat-messanger/header.php on line 16
[17-Sep-2024 20:45:54 Europe/Moscow] PHP Warning:  Undefined array key "login" in /home/sla8ikk/Рабочий стол/sites/chat/chat-messanger/header.php on line 20
[17-Sep-2024 20:45:54 Europe/Moscow] PHP Warning:  Undefined array key "firstName" in /home/sla8ikk/Рабочий стол/sites/chat/chat-messanger/user.php on line 18
[17-Sep-2024 20:45:54 Europe/Moscow] PHP Warning:  Undefined array key "lastName" in /home/sla8ikk/Рабочий стол/sites/chat/chat-messanger/user.php on line 19
[17-Sep-2024 20:45:54 Europe/Moscow] PHP Warning:  Undefined array key "dateOfBirth" in /home/sla8ikk/Рабочий стол/sites/chat/chat-messanger/user.php on line 20
[17-Sep-2024 20:45:54 Europe/Moscow] PHP Warning:  Undefined array key "id" in /home/sla8ikk/Рабочий стол/sites/chat/chat-messanger/header.php on line 2
[17-Sep-2024 20:45:54 Europe/Moscow] PHP Warning:  Undefined array key "login" in /home/sla8ikk/Рабочий стол/sites/chat/chat-messanger/header.php on line 16
[17-Sep-2024 20:45:54 Europe/Moscow] PHP Warning:  Undefined array key "login" in /home/sla8ikk/Рабочий стол/sites/chat/chat-messanger/header.php on line 20
[17-Sep-2024 20:45:54 Europe/Moscow] PHP Warning:  Undefined array key "firstName" in /home/sla8ikk/Рабочий стол/sites/chat/chat-messanger/user.php on line 18
[17-Sep-2024 20:45:54 Europe/Moscow] PHP Warning:  Undefined array key "lastName" in /home/sla8ikk/Рабочий стол/sites/chat/chat-messanger/user.php on line 19
[17-Sep-2024 20:45:54 Europe/Moscow] PHP Warning:  Undefined array key "dateOfBirth" in /home/sla8ikk/Рабочий стол/sites/chat/chat-messanger/user.php on line 20
[17-Sep-2024 20:46:19 Europe/Moscow] PHP Warning:  Undefined array key "id" in /home/sla8ikk/Рабочий стол/sites/chat/chat-messanger/header.php on line 2
[17-Sep-2024 20:46:19 Europe/Moscow] PHP Warning:  Undefined array key "login" in /home/sla8ikk/Рабочий стол/sites/chat/chat-messanger/header.php on line 16
[17-Sep-2024 20:46:19 Europe/Moscow] PHP Warning:  Undefined array key "login" in /home/sla8ikk/Рабочий стол/sites/chat/chat-messanger/header.php on line 20
[17-Sep-2024 20:47:26 Europe/Moscow] PHP Warning:  Undefined array key "id" in /home/sla8ikk/Рабочий стол/sites/chat/chat-messanger/header.php on line 2
[17-Sep-2024 20:47:26 Europe/Moscow] PHP Warning:  Undefined array key "login" in /home/sla8ikk/Рабочий стол/sites/chat/chat-messanger/header.php on line 16
[17-Sep-2024 20:47:26 Europe/Moscow] PHP Warning:  Undefined array key "login" in /home/sla8ikk/Рабочий стол/sites/chat/chat-messanger/header.php on line 20
[17-Sep-2024 20:47:26 Europe/Moscow] PHP Warning:  Undefined array key "firstName" in /home/sla8ikk/Рабочий стол/sites/chat/chat-messanger/user.php on line 18
[17-Sep-2024 20:47:26 Europe/Moscow] PHP Warning:  Undefined array key "lastName" in /home/sla8ikk/Рабочий стол/sites/chat/chat-messanger/user.php on line 19
[17-Sep-2024 20:47:26 Europe/Moscow] PHP Warning:  Undefined array key "dateOfBirth" in /home/sla8ikk/Рабочий стол/sites/chat/chat-messanger/user.php on line 20
[17-Sep-2024 20:47:35 Europe/Moscow] PHP Warning:  Undefined array key "id" in /home/sla8ikk/Рабочий стол/sites/chat/chat-messanger/header.php on line 2
[17-Sep-2024 20:47:35 Europe/Moscow] PHP Warning:  Undefined array key "login" in /home/sla8ikk/Рабочий стол/sites/chat/chat-messanger/header.php on line 16
[17-Sep-2024 20:47:35 Europe/Moscow] PHP Warning:  Undefined array key "login" in /home/sla8ikk/Рабочий стол/sites/chat/chat-messanger/header.php on line 20
[17-Sep-2024 20:47:40 Europe/Moscow] PHP Warning:  Undefined array key "id" in /home/sla8ikk/Рабочий стол/sites/chat/chat-messanger/header.php on line 2
[17-Sep-2024 20:47:40 Europe/Moscow] PHP Warning:  Undefined array key "login" in /home/sla8ikk/Рабочий стол/sites/chat/chat-messanger/header.php on line 16
[17-Sep-2024 20:47:40 Europe/Moscow] PHP Warning:  Undefined array key "login" in /home/sla8ikk/Рабочий стол/sites/chat/chat-messanger/header.php on line 20
[17-Sep-2024 20:52:13 Europe/Moscow] PHP Warning:  Undefined array key "id" in /home/sla8ikk/Рабочий стол/sites/chat/chat-messanger/header.php on line 2
[17-Sep-2024 20:52:13 Europe/Moscow] PHP Warning:  Undefined array key "login" in /home/sla8ikk/Рабочий стол/sites/chat/chat-messanger/header.php on line 16
[17-Sep-2024 20:52:13 Europe/Moscow] PHP Warning:  Undefined array key "login" in /home/sla8ikk/Рабочий стол/sites/chat/chat-messanger/header.php on line 20
[17-Sep-2024 20:52:25 Europe/Moscow] PHP Warning:  Undefined array key "id" in /home/sla8ikk/Рабочий стол/sites/chat/chat-messanger/header.php on line 2
[17-Sep-2024 20:52:25 Europe/Moscow] PHP Warning:  Undefined array key "login" in /home/sla8ikk/Рабочий стол/sites/chat/chat-messanger/header.php on line 16
[17-Sep-2024 20:52:25 Europe/Moscow] PHP Warning:  Undefined array key "login" in /home/sla8ikk/Рабочий стол/sites/chat/chat-messanger/header.php on line 20
[17-Sep-2024 20:52:30 Europe/Moscow] PHP Warning:  Undefined array key "id" in /home/sla8ikk/Рабочий стол/sites/chat/chat-messanger/header.php on line 2
[17-Sep-2024 20:52:30 Europe/Moscow] PHP Warning:  Undefined array key "login" in /home/sla8ikk/Рабочий стол/sites/chat/chat-messanger/header.php on line 16
[17-Sep-2024 20:52:30 Europe/Moscow] PHP Warning:  Undefined array key "login" in /home/sla8ikk/Рабочий стол/sites/chat/chat-messanger/header.php on line 20
[17-Sep-2024 20:52:34 Europe/Moscow] PHP Warning:  Undefined array key "id" in /home/sla8ikk/Рабочий стол/sites/chat/chat-messanger/header.php on line 2
[17-Sep-2024 20:52:34 Europe/Moscow] PHP Warning:  Undefined array key "login" in /home/sla8ikk/Рабочий стол/sites/chat/chat-messanger/header.php on line 16
[17-Sep-2024 20:52:34 Europe/Moscow] PHP Warning:  Undefined array key "login" in /home/sla8ikk/Рабочий стол/sites/chat/chat-messanger/header.php on line 20
[17-Sep-2024 20:52:52 Europe/Moscow] PHP Warning:  Undefined array key "id" in /home/sla8ikk/Рабочий стол/sites/chat/chat-messanger/header.php on line 2
[17-Sep-2024 20:52:52 Europe/Moscow] PHP Warning:  Undefined array key "login" in /home/sla8ikk/Рабочий стол/sites/chat/chat-messanger/header.php on line 16
[17-Sep-2024 20:52:52 Europe/Moscow] PHP Warning:  Undefined array key "login" in /home/sla8ikk/Рабочий стол/sites/chat/chat-messanger/header.php on line 20
[17-Sep-2024 20:53:12 Europe/Moscow] PHP Warning:  Undefined array key "id" in /home/sla8ikk/Рабочий стол/sites/chat/chat-messanger/header.php on line 2
[17-Sep-2024 20:53:12 Europe/Moscow] PHP Warning:  Undefined array key "login" in /home/sla8ikk/Рабочий стол/sites/chat/chat-messanger/header.php on line 16
[17-Sep-2024 20:53:12 Europe/Moscow] PHP Warning:  Undefined array key "login" in /home/sla8ikk/Рабочий стол/sites/chat/chat-messanger/header.php on line 20
[17-Sep-2024 20:53:20 Europe/Moscow] PHP Warning:  Undefined array key "id" in /home/sla8ikk/Рабочий стол/sites/chat/chat-messanger/header.php on line 2
[17-Sep-2024 20:53:20 Europe/Moscow] PHP Warning:  Undefined array key "login" in /home/sla8ikk/Рабочий стол/sites/chat/chat-messanger/header.php on line 16
[17-Sep-2024 20:53:20 Europe/Moscow] PHP Warning:  Undefined array key "login" in /home/sla8ikk/Рабочий стол/sites/chat/chat-messanger/header.php on line 20
[17-Sep-2024 20:53:37 Europe/Moscow] PHP Warning:  Undefined array key "id" in /home/sla8ikk/Рабочий стол/sites/chat/chat-messanger/header.php on line 2
[17-Sep-2024 20:53:37 Europe/Moscow] PHP Warning:  Undefined array key "login" in /home/sla8ikk/Рабочий стол/sites/chat/chat-messanger/header.php on line 16
[17-Sep-2024 20:53:37 Europe/Moscow] PHP Warning:  Undefined array key "login" in /home/sla8ikk/Рабочий стол/sites/chat/chat-messanger/header.php on line 20
[17-Sep-2024 20:53:58 Europe/Moscow] PHP Warning:  Undefined array key "id" in /home/sla8ikk/Рабочий стол/sites/chat/chat-messanger/header.php on line 2
[17-Sep-2024 20:53:58 Europe/Moscow] PHP Warning:  Undefined array key "login" in /home/sla8ikk/Рабочий стол/sites/chat/chat-messanger/header.php on line 16
[17-Sep-2024 20:53:58 Europe/Moscow] PHP Warning:  Undefined array key "login" in /home/sla8ikk/Рабочий стол/sites/chat/chat-messanger/header.php on line 20
[17-Sep-2024 20:53:58 Europe/Moscow] PHP Warning:  Undefined array key "firstName" in /home/sla8ikk/Рабочий стол/sites/chat/chat-messanger/user.php on line 18
[17-Sep-2024 20:53:58 Europe/Moscow] PHP Warning:  Undefined array key "lastName" in /home/sla8ikk/Рабочий стол/sites/chat/chat-messanger/user.php on line 19
[17-Sep-2024 20:53:58 Europe/Moscow] PHP Warning:  Undefined array key "dateOfBirth" in /home/sla8ikk/Рабочий стол/sites/chat/chat-messanger/user.php on line 20
[17-Sep-2024 20:54:21 Europe/Moscow] PHP Warning:  Undefined array key "id" in /home/sla8ikk/Рабочий стол/sites/chat/chat-messanger/header.php on line 2
[17-Sep-2024 20:54:21 Europe/Moscow] PHP Warning:  Undefined array key "login" in /home/sla8ikk/Рабочий стол/sites/chat/chat-messanger/header.php on line 16
[17-Sep-2024 20:54:21 Europe/Moscow] PHP Warning:  Undefined array key "login" in /home/sla8ikk/Рабочий стол/sites/chat/chat-messanger/header.php on line 20
[17-Sep-2024 20:54:21 Europe/Moscow] PHP Warning:  Undefined array key "id" in /home/sla8ikk/Рабочий стол/sites/chat/chat-messanger/header.php on line 2
[17-Sep-2024 20:54:21 Europe/Moscow] PHP Warning:  Undefined array key "login" in /home/sla8ikk/Рабочий стол/sites/chat/chat-messanger/header.php on line 16
[17-Sep-2024 20:54:21 Europe/Moscow] PHP Warning:  Undefined array key "login" in /home/sla8ikk/Рабочий стол/sites/chat/chat-messanger/header.php on line 20
[17-Sep-2024 20:54:42 Europe/Moscow] PHP Warning:  Undefined array key "id" in /home/sla8ikk/Рабочий стол/sites/chat/chat-messanger/header.php on line 2
[17-Sep-2024 20:54:42 Europe/Moscow] PHP Warning:  Undefined array key "login" in /home/sla8ikk/Рабочий стол/sites/chat/chat-messanger/header.php on line 16
[17-Sep-2024 20:54:42 Europe/Moscow] PHP Warning:  Undefined array key "login" in /home/sla8ikk/Рабочий стол/sites/chat/chat-messanger/header.php on line 20
[17-Sep-2024 20:57:15 Europe/Moscow] PHP Warning:  Undefined array key "id" in /home/sla8ikk/Рабочий стол/sites/chat/chat-messanger/header.php on line 2
[17-Sep-2024 20:57:15 Europe/Moscow] PHP Warning:  Undefined array key "login" in /home/sla8ikk/Рабочий стол/sites/chat/chat-messanger/header.php on line 16
[17-Sep-2024 20:57:15 Europe/Moscow] PHP Warning:  Undefined array key "login" in /home/sla8ikk/Рабочий стол/sites/chat/chat-messanger/header.php on line 20
[17-Sep-2024 20:57:17 Europe/Moscow] PHP Warning:  Undefined array key "id" in /home/sla8ikk/Рабочий стол/sites/chat/chat-messanger/header.php on line 2
[17-Sep-2024 20:57:17 Europe/Moscow] PHP Warning:  Undefined array key "login" in /home/sla8ikk/Рабочий стол/sites/chat/chat-messanger/header.php on line 16
[17-Sep-2024 20:57:17 Europe/Moscow] PHP Warning:  Undefined array key "login" in /home/sla8ikk/Рабочий стол/sites/chat/chat-messanger/header.php on line 20
[17-Sep-2024 20:58:39 Europe/Moscow] PHP Warning:  Undefined array key "id" in /home/sla8ikk/Рабочий стол/sites/chat/chat-messanger/header.php on line 2
[17-Sep-2024 20:58:39 Europe/Moscow] PHP Warning:  Undefined array key "login" in /home/sla8ikk/Рабочий стол/sites/chat/chat-messanger/header.php on line 16
[17-Sep-2024 20:58:39 Europe/Moscow] PHP Warning:  Undefined array key "login" in /home/sla8ikk/Рабочий стол/sites/chat/chat-messanger/header.php on line 20
[17-Sep-2024 20:58:39 Europe/Moscow] PHP Warning:  Undefined array key "firstName" in /home/sla8ikk/Рабочий стол/sites/chat/chat-messanger/user.php on line 18
[17-Sep-2024 20:58:39 Europe/Moscow] PHP Warning:  Undefined array key "lastName" in /home/sla8ikk/Рабочий стол/sites/chat/chat-messanger/user.php on line 19
[17-Sep-2024 20:58:39 Europe/Moscow] PHP Warning:  Undefined array key "dateOfBirth" in /home/sla8ikk/Рабочий стол/sites/chat/chat-messanger/user.php on line 20
[17-Sep-2024 20:58:41 Europe/Moscow] PHP Warning:  Undefined array key "id" in /home/sla8ikk/Рабочий стол/sites/chat/chat-messanger/header.php on line 2
[17-Sep-2024 20:58:41 Europe/Moscow] PHP Warning:  Undefined array key "login" in /home/sla8ikk/Рабочий стол/sites/chat/chat-messanger/header.php on line 16
[17-Sep-2024 20:58:41 Europe/Moscow] PHP Warning:  Undefined array key "login" in /home/sla8ikk/Рабочий стол/sites/chat/chat-messanger/header.php on line 20
[17-Sep-2024 21:01:24 Europe/Moscow] PHP Warning:  Undefined array key "id" in /home/sla8ikk/Рабочий стол/sites/chat/chat-messanger/header.php on line 2
[17-Sep-2024 21:01:24 Europe/Moscow] PHP Warning:  Undefined array key "login" in /home/sla8ikk/Рабочий стол/sites/chat/chat-messanger/header.php on line 16
[17-Sep-2024 21:02:09 Europe/Moscow] PHP Warning:  Undefined array key "id" in /home/sla8ikk/Рабочий стол/sites/chat/chat-messanger/header.php on line 2
[17-Sep-2024 21:02:09 Europe/Moscow] PHP Warning:  Undefined array key "login" in /home/sla8ikk/Рабочий стол/sites/chat/chat-messanger/header.php on line 16
[17-Sep-2024 21:02:09 Europe/Moscow] PHP Warning:  Undefined array key "firstName" in /home/sla8ikk/Рабочий стол/sites/chat/chat-messanger/user.php on line 18
[17-Sep-2024 21:02:09 Europe/Moscow] PHP Warning:  Undefined array key "lastName" in /home/sla8ikk/Рабочий стол/sites/chat/chat-messanger/user.php on line 19
[17-Sep-2024 21:02:09 Europe/Moscow] PHP Warning:  Undefined array key "dateOfBirth" in /home/sla8ikk/Рабочий стол/sites/chat/chat-messanger/user.php on line 20
[17-Sep-2024 21:02:15 Europe/Moscow] PHP Warning:  Undefined array key "id" in /home/sla8ikk/Рабочий стол/sites/chat/chat-messanger/header.php on line 2
[17-Sep-2024 21:02:15 Europe/Moscow] PHP Warning:  Undefined array key "login" in /home/sla8ikk/Рабочий стол/sites/chat/chat-messanger/header.php on line 16
[17-Sep-2024 21:02:15 Europe/Moscow] PHP Warning:  Undefined array key "firstName" in /home/sla8ikk/Рабочий стол/sites/chat/chat-messanger/user.php on line 18
[17-Sep-2024 21:02:15 Europe/Moscow] PHP Warning:  Undefined array key "lastName" in /home/sla8ikk/Рабочий стол/sites/chat/chat-messanger/user.php on line 19
[17-Sep-2024 21:02:15 Europe/Moscow] PHP Warning:  Undefined array key "dateOfBirth" in /home/sla8ikk/Рабочий стол/sites/chat/chat-messanger/user.php on line 20
[17-Sep-2024 21:02:42 Europe/Moscow] PHP Warning:  Undefined array key "id" in /home/sla8ikk/Рабочий стол/sites/chat/chat-messanger/header.php on line 2
[17-Sep-2024 21:02:42 Europe/Moscow] PHP Warning:  Undefined array key "login" in /home/sla8ikk/Рабочий стол/sites/chat/chat-messanger/header.php on line 16
[19-Sep-2024 19:18:38 Europe/Moscow] PHP Warning:  Undefined array key "id" in /home/sla8ikk/Рабочий стол/sites/chat/chat-messanger/header.php on line 2
[19-Sep-2024 19:18:38 Europe/Moscow] PHP Warning:  Undefined array key "login" in /home/sla8ikk/Рабочий стол/sites/chat/chat-messanger/header.php on line 16
[19-Sep-2024 19:18:43 Europe/Moscow] PHP Warning:  Undefined array key "id" in /home/sla8ikk/Рабочий стол/sites/chat/chat-messanger/header.php on line 2
[19-Sep-2024 19:18:43 Europe/Moscow] PHP Warning:  Undefined array key "login" in /home/sla8ikk/Рабочий стол/sites/chat/chat-messanger/header.php on line 16
[19-Sep-2024 19:18:46 Europe/Moscow] PHP Warning:  Undefined array key "id" in /home/sla8ikk/Рабочий стол/sites/chat/chat-messanger/header.php on line 2
[19-Sep-2024 19:18:46 Europe/Moscow] PHP Warning:  Undefined array key "login" in /home/sla8ikk/Рабочий стол/sites/chat/chat-messanger/header.php on line 16
[19-Sep-2024 19:21:17 Europe/Moscow] PHP Warning:  Undefined array key "id" in /home/sla8ikk/Рабочий стол/sites/chat/chat-messanger/header.php on line 2
[19-Sep-2024 19:21:17 Europe/Moscow] PHP Warning:  Undefined array key "login" in /home/sla8ikk/Рабочий стол/sites/chat/chat-messanger/header.php on line 16
[19-Sep-2024 20:09:45 Europe/Moscow] PHP Warning:  Undefined array key "id" in /home/sla8ikk/Рабочий стол/sites/chat/chat-messanger/header.php on line 2
[19-Sep-2024 20:09:45 Europe/Moscow] PHP Warning:  Undefined array key "login" in /home/sla8ikk/Рабочий стол/sites/chat/chat-messanger/header.php on line 16
[19-Sep-2024 20:09:47 Europe/Moscow] PHP Warning:  Undefined array key "id" in /home/sla8ikk/Рабочий стол/sites/chat/chat-messanger/header.php on line 2
[19-Sep-2024 20:09:47 Europe/Moscow] PHP Warning:  Undefined array key "login" in /home/sla8ikk/Рабочий стол/sites/chat/chat-messanger/header.php on line 16
[19-Sep-2024 20:09:48 Europe/Moscow] PHP Warning:  Undefined array key "id" in /home/sla8ikk/Рабочий стол/sites/chat/chat-messanger/header.php on line 2
[19-Sep-2024 20:09:48 Europe/Moscow] PHP Warning:  Undefined array key "login" in /home/sla8ikk/Рабочий стол/sites/chat/chat-messanger/header.php on line 16
[19-Sep-2024 20:19:38 Europe/Moscow] PHP Warning:  Undefined array key "id" in /home/sla8ikk/Рабочий стол/sites/chat/chat-messanger/header.php on line 2
[19-Sep-2024 20:19:38 Europe/Moscow] PHP Warning:  Undefined array key "login" in /home/sla8ikk/Рабочий стол/sites/chat/chat-messanger/header.php on line 16
[19-Sep-2024 20:20:34 Europe/Moscow] PHP Warning:  Undefined array key "id" in /home/sla8ikk/Рабочий стол/sites/chat/chat-messanger/header.php on line 2
[19-Sep-2024 20:20:34 Europe/Moscow] PHP Warning:  Undefined array key "login" in /home/sla8ikk/Рабочий стол/sites/chat/chat-messanger/header.php on line 16
[19-Sep-2024 20:24:46 Europe/Moscow] PHP Warning:  Undefined array key "id" in /home/sla8ikk/Рабочий стол/sites/chat/chat-messanger/header.php on line 2
[19-Sep-2024 20:24:46 Europe/Moscow] PHP Warning:  Undefined array key "login" in /home/sla8ikk/Рабочий стол/sites/chat/chat-messanger/header.php on line 16
[19-Sep-2024 20:24:48 Europe/Moscow] PHP Warning:  Undefined array key "id" in /home/sla8ikk/Рабочий стол/sites/chat/chat-messanger/header.php on line 2
[19-Sep-2024 20:24:48 Europe/Moscow] PHP Warning:  Undefined array key "login" in /home/sla8ikk/Рабочий стол/sites/chat/chat-messanger/header.php on line 16
[19-Sep-2024 20:24:54 Europe/Moscow] PHP Warning:  Undefined array key "id" in /home/sla8ikk/Рабочий стол/sites/chat/chat-messanger/header.php on line 2
[19-Sep-2024 20:24:54 Europe/Moscow] PHP Warning:  Undefined array key "login" in /home/sla8ikk/Рабочий стол/sites/chat/chat-messanger/header.php on line 16
[19-Sep-2024 21:13:09 Europe/Moscow] PHP Warning:  Undefined array key "id" in /home/sla8ikk/Рабочий стол/sites/chat/chat-messanger/header.php on line 2
[19-Sep-2024 21:13:09 Europe/Moscow] PHP Warning:  Undefined array key "login" in /home/sla8ikk/Рабочий стол/sites/chat/chat-messanger/header.php on line 16
[03-Oct-2024 20:11:22 Europe/Moscow] PHP Fatal error:  Uncaught PDOException: SQLSTATE[42S22]: Column not found: 1054 Unknown column 'password' in 'where clause' in /home/sla8ikk/Рабочий стол/sites/chat/chat-messanger/pdo.php:127
Stack trace:
#0 /home/sla8ikk/Рабочий стол/sites/chat/chat-messanger/pdo.php(127): PDOStatement->execute()
#1 /home/sla8ikk/Рабочий стол/sites/chat/chat-messanger/login.php(30): find_user()
#2 {main}
  thrown in /home/sla8ikk/Рабочий стол/sites/chat/chat-messanger/pdo.php on line 127
[03-Oct-2024 20:22:33 Europe/Moscow] PHP Warning:  Undefined array key "password" in /home/sla8ikk/Рабочий стол/sites/chat/chat-messanger/user.php on line 23
[03-Oct-2024 20:22:43 Europe/Moscow] PHP Warning:  Undefined array key "password" in /home/sla8ikk/Рабочий стол/sites/chat/chat-messanger/user.php on line 23
[03-Oct-2024 20:22:45 Europe/Moscow] PHP Warning:  Undefined array key "password" in /home/sla8ikk/Рабочий стол/sites/chat/chat-messanger/user.php on line 23
[08-Oct-2024 20:59:53 Europe/Moscow] PHP Warning:  Undefined array key "password" in /home/sla8ikk/Рабочий стол/sites/chat/chat-messanger/admin.php on line 62
[08-Oct-2024 20:59:53 Europe/Moscow] PHP Warning:  Undefined array key "password" in /home/sla8ikk/Рабочий стол/sites/chat/chat-messanger/admin.php on line 62
[08-Oct-2024 20:59:53 Europe/Moscow] PHP Warning:  Undefined array key "password" in /home/sla8ikk/Рабочий стол/sites/chat/chat-messanger/admin.php on line 62
[08-Oct-2024 20:59:53 Europe/Moscow] PHP Warning:  Undefined array key "password" in /home/sla8ikk/Рабочий стол/sites/chat/chat-messanger/admin.php on line 62
[08-Oct-2024 20:59:53 Europe/Moscow] PHP Warning:  Undefined array key "password" in /home/sla8ikk/Рабочий стол/sites/chat/chat-messanger/admin.php on line 62
[08-Oct-2024 20:59:53 Europe/Moscow] PHP Warning:  Undefined array key "password" in /home/sla8ikk/Рабочий стол/sites/chat/chat-messanger/admin.php on line 62
[08-Oct-2024 20:59:53 Europe/Moscow] PHP Warning:  Undefined array key "password" in /home/sla8ikk/Рабочий стол/sites/chat/chat-messanger/admin.php on line 62
[08-Oct-2024 21:02:13 Europe/Moscow] PHP Fatal error:  Uncaught PDOException: SQLSTATE[42S22]: Column not found: 1054 Unknown column 'password' in 'field list' in /home/sla8ikk/Рабочий стол/sites/chat/chat-messanger/register.php:67
Stack trace:
#0 /home/sla8ikk/Рабочий стол/sites/chat/chat-messanger/register.php(67): PDOStatement->execute()
#1 {main}
  thrown in /home/sla8ikk/Рабочий стол/sites/chat/chat-messanger/register.php on line 67
[08-Oct-2024 21:03:13 Europe/Moscow] PHP Warning:  Undefined array key "password" in /home/sla8ikk/Рабочий стол/sites/chat/chat-messanger/admin.php on line 62
[08-Oct-2024 21:03:13 Europe/Moscow] PHP Warning:  Undefined array key "password" in /home/sla8ikk/Рабочий стол/sites/chat/chat-messanger/admin.php on line 62
[08-Oct-2024 21:03:13 Europe/Moscow] PHP Warning:  Undefined array key "password" in /home/sla8ikk/Рабочий стол/sites/chat/chat-messanger/admin.php on line 62
[08-Oct-2024 21:03:13 Europe/Moscow] PHP Warning:  Undefined array key "password" in /home/sla8ikk/Рабочий стол/sites/chat/chat-messanger/admin.php on line 62
[08-Oct-2024 21:03:13 Europe/Moscow] PHP Warning:  Undefined array key "password" in /home/sla8ikk/Рабочий стол/sites/chat/chat-messanger/admin.php on line 62
[08-Oct-2024 21:03:13 Europe/Moscow] PHP Warning:  Undefined array key "password" in /home/sla8ikk/Рабочий стол/sites/chat/chat-messanger/admin.php on line 62
[08-Oct-2024 21:03:13 Europe/Moscow] PHP Warning:  Undefined array key "password" in /home/sla8ikk/Рабочий стол/sites/chat/chat-messanger/admin.php on line 62
[08-Oct-2024 21:03:16 Europe/Moscow] PHP Warning:  Undefined array key "password" in /home/sla8ikk/Рабочий стол/sites/chat/chat-messanger/admin.php on line 62
[08-Oct-2024 21:03:16 Europe/Moscow] PHP Warning:  Undefined array key "password" in /home/sla8ikk/Рабочий стол/sites/chat/chat-messanger/admin.php on line 62
[08-Oct-2024 21:03:16 Europe/Moscow] PHP Warning:  Undefined array key "password" in /home/sla8ikk/Рабочий стол/sites/chat/chat-messanger/admin.php on line 62
[08-Oct-2024 21:03:16 Europe/Moscow] PHP Warning:  Undefined array key "password" in /home/sla8ikk/Рабочий стол/sites/chat/chat-messanger/admin.php on line 62
[08-Oct-2024 21:03:16 Europe/Moscow] PHP Warning:  Undefined array key "password" in /home/sla8ikk/Рабочий стол/sites/chat/chat-messanger/admin.php on line 62
[08-Oct-2024 21:03:16 Europe/Moscow] PHP Warning:  Undefined array key "password" in /home/sla8ikk/Рабочий стол/sites/chat/chat-messanger/admin.php on line 62
[08-Oct-2024 21:03:16 Europe/Moscow] PHP Warning:  Undefined array key "password" in /home/sla8ikk/Рабочий стол/sites/chat/chat-messanger/admin.php on line 62
[08-Oct-2024 21:04:20 Europe/Moscow] PHP Fatal error:  Uncaught PDOException: SQLSTATE[42S22]: Column not found: 1054 Unknown column 'password' in 'field list' in /home/sla8ikk/Рабочий стол/sites/chat/chat-messanger/register.php:67
Stack trace:
#0 /home/sla8ikk/Рабочий стол/sites/chat/chat-messanger/register.php(67): PDOStatement->execute()
#1 {main}
  thrown in /home/sla8ikk/Рабочий стол/sites/chat/chat-messanger/register.php on line 67
[08-Oct-2024 21:04:29 Europe/Moscow] PHP Warning:  Undefined array key "password" in /home/sla8ikk/Рабочий стол/sites/chat/chat-messanger/admin.php on line 62
[08-Oct-2024 21:04:29 Europe/Moscow] PHP Warning:  Undefined array key "password" in /home/sla8ikk/Рабочий стол/sites/chat/chat-messanger/admin.php on line 62
[08-Oct-2024 21:04:29 Europe/Moscow] PHP Warning:  Undefined array key "password" in /home/sla8ikk/Рабочий стол/sites/chat/chat-messanger/admin.php on line 62
[08-Oct-2024 21:04:29 Europe/Moscow] PHP Warning:  Undefined array key "password" in /home/sla8ikk/Рабочий стол/sites/chat/chat-messanger/admin.php on line 62
[08-Oct-2024 21:04:29 Europe/Moscow] PHP Warning:  Undefined array key "password" in /home/sla8ikk/Рабочий стол/sites/chat/chat-messanger/admin.php on line 62
[08-Oct-2024 21:04:29 Europe/Moscow] PHP Warning:  Undefined array key "password" in /home/sla8ikk/Рабочий стол/sites/chat/chat-messanger/admin.php on line 62
[08-Oct-2024 21:04:29 Europe/Moscow] PHP Warning:  Undefined array key "password" in /home/sla8ikk/Рабочий стол/sites/chat/chat-messanger/admin.php on line 62
[08-Oct-2024 21:13:52 Europe/Moscow] PHP Warning:  Undefined array key "password" in /home/sla8ikk/Рабочий стол/sites/chat/chat-messanger/admin.php on line 62
[08-Oct-2024 21:13:52 Europe/Moscow] PHP Warning:  Undefined array key "password" in /home/sla8ikk/Рабочий стол/sites/chat/chat-messanger/admin.php on line 62
[08-Oct-2024 21:13:52 Europe/Moscow] PHP Warning:  Undefined array key "password" in /home/sla8ikk/Рабочий стол/sites/chat/chat-messanger/admin.php on line 62
[08-Oct-2024 21:13:52 Europe/Moscow] PHP Warning:  Undefined array key "password" in /home/sla8ikk/Рабочий стол/sites/chat/chat-messanger/admin.php on line 62
[08-Oct-2024 21:13:52 Europe/Moscow] PHP Warning:  Undefined array key "password" in /home/sla8ikk/Рабочий стол/sites/chat/chat-messanger/admin.php on line 62
[08-Oct-2024 21:13:52 Europe/Moscow] PHP Warning:  Undefined array key "password" in /home/sla8ikk/Рабочий стол/sites/chat/chat-messanger/admin.php on line 62
[08-Oct-2024 21:13:52 Europe/Moscow] PHP Warning:  Undefined array key "password" in /home/sla8ikk/Рабочий стол/sites/chat/chat-messanger/admin.php on line 62
[08-Oct-2024 21:13:54 Europe/Moscow] PHP Warning:  Undefined array key "password" in /home/sla8ikk/Рабочий стол/sites/chat/chat-messanger/admin.php on line 62
[08-Oct-2024 21:13:54 Europe/Moscow] PHP Warning:  Undefined array key "password" in /home/sla8ikk/Рабочий стол/sites/chat/chat-messanger/admin.php on line 62
[08-Oct-2024 21:13:54 Europe/Moscow] PHP Warning:  Undefined array key "password" in /home/sla8ikk/Рабочий стол/sites/chat/chat-messanger/admin.php on line 62
[08-Oct-2024 21:13:54 Europe/Moscow] PHP Warning:  Undefined array key "password" in /home/sla8ikk/Рабочий стол/sites/chat/chat-messanger/admin.php on line 62
[08-Oct-2024 21:13:54 Europe/Moscow] PHP Warning:  Undefined array key "password" in /home/sla8ikk/Рабочий стол/sites/chat/chat-messanger/admin.php on line 62
[08-Oct-2024 21:13:54 Europe/Moscow] PHP Warning:  Undefined array key "password" in /home/sla8ikk/Рабочий стол/sites/chat/chat-messanger/admin.php on line 62
[08-Oct-2024 21:13:54 Europe/Moscow] PHP Warning:  Undefined array key "password" in /home/sla8ikk/Рабочий стол/sites/chat/chat-messanger/admin.php on line 62
[08-Oct-2024 21:15:16 Europe/Moscow] PHP Fatal error:  Uncaught PDOException: SQLSTATE[HY093]: Invalid parameter number: parameter was not defined in /home/sla8ikk/Рабочий стол/sites/chat/chat-messanger/register.php:67
Stack trace:
#0 /home/sla8ikk/Рабочий стол/sites/chat/chat-messanger/register.php(67): PDOStatement->execute()
#1 {main}
  thrown in /home/sla8ikk/Рабочий стол/sites/chat/chat-messanger/register.php on line 67
[08-Oct-2024 21:15:17 Europe/Moscow] PHP Fatal error:  Uncaught PDOException: SQLSTATE[HY093]: Invalid parameter number: parameter was not defined in /home/sla8ikk/Рабочий стол/sites/chat/chat-messanger/register.php:67
Stack trace:
#0 /home/sla8ikk/Рабочий стол/sites/chat/chat-messanger/register.php(67): PDOStatement->execute()
#1 {main}
  thrown in /home/sla8ikk/Рабочий стол/sites/chat/chat-messanger/register.php on line 67
[08-Oct-2024 21:15:21 Europe/Moscow] PHP Warning:  Undefined array key "password" in /home/sla8ikk/Рабочий стол/sites/chat/chat-messanger/admin.php on line 62
[08-Oct-2024 21:15:21 Europe/Moscow] PHP Warning:  Undefined array key "password" in /home/sla8ikk/Рабочий стол/sites/chat/chat-messanger/admin.php on line 62
[08-Oct-2024 21:15:21 Europe/Moscow] PHP Warning:  Undefined array key "password" in /home/sla8ikk/Рабочий стол/sites/chat/chat-messanger/admin.php on line 62
[08-Oct-2024 21:15:21 Europe/Moscow] PHP Warning:  Undefined array key "password" in /home/sla8ikk/Рабочий стол/sites/chat/chat-messanger/admin.php on line 62
[08-Oct-2024 21:15:21 Europe/Moscow] PHP Warning:  Undefined array key "password" in /home/sla8ikk/Рабочий стол/sites/chat/chat-messanger/admin.php on line 62
[08-Oct-2024 21:15:21 Europe/Moscow] PHP Warning:  Undefined array key "password" in /home/sla8ikk/Рабочий стол/sites/chat/chat-messanger/admin.php on line 62
[08-Oct-2024 21:15:21 Europe/Moscow] PHP Warning:  Undefined array key "password" in /home/sla8ikk/Рабочий стол/sites/chat/chat-messanger/admin.php on line 62
[08-Oct-2024 21:15:23 Europe/Moscow] PHP Warning:  Undefined array key "password" in /home/sla8ikk/Рабочий стол/sites/chat/chat-messanger/admin.php on line 62
[08-Oct-2024 21:15:23 Europe/Moscow] PHP Warning:  Undefined array key "password" in /home/sla8ikk/Рабочий стол/sites/chat/chat-messanger/admin.php on line 62
[08-Oct-2024 21:15:23 Europe/Moscow] PHP Warning:  Undefined array key "password" in /home/sla8ikk/Рабочий стол/sites/chat/chat-messanger/admin.php on line 62
[08-Oct-2024 21:15:23 Europe/Moscow] PHP Warning:  Undefined array key "password" in /home/sla8ikk/Рабочий стол/sites/chat/chat-messanger/admin.php on line 62
[08-Oct-2024 21:15:23 Europe/Moscow] PHP Warning:  Undefined array key "password" in /home/sla8ikk/Рабочий стол/sites/chat/chat-messanger/admin.php on line 62
[08-Oct-2024 21:15:23 Europe/Moscow] PHP Warning:  Undefined array key "password" in /home/sla8ikk/Рабочий стол/sites/chat/chat-messanger/admin.php on line 62
[08-Oct-2024 21:15:23 Europe/Moscow] PHP Warning:  Undefined array key "password" in /home/sla8ikk/Рабочий стол/sites/chat/chat-messanger/admin.php on line 62
